{"/home/travis/build/npmtest/node-npmtest-react-tagsinput/test.js":{"path":"/home/travis/build/npmtest/node-npmtest-react-tagsinput/test.js","s":{"1":2,"2":2,"3":2,"4":2,"5":2,"6":2,"7":2,"8":1,"9":2,"10":2,"11":1,"12":1,"13":1,"14":1,"15":2,"16":2,"17":2,"18":2,"19":1,"20":1,"21":2,"22":2,"23":2,"24":1,"25":1,"26":1,"27":1,"28":1,"29":1,"30":1,"31":1,"32":1,"33":1,"34":1,"35":1,"36":1,"37":1,"38":1,"39":2,"40":2,"41":1,"42":2,"43":2,"44":1,"45":2,"46":2,"47":1,"48":2,"49":2,"50":1,"51":1,"52":1,"53":1,"54":1},"b":{"1":[2,1,1,1],"2":[1,1,1,1],"3":[1,1],"4":[1,1],"5":[1,1],"6":[1,1],"7":[1,1],"8":[1,1],"9":[1,1],"10":[1,1,1],"11":[1,1],"12":[1,1],"13":[1,1],"14":[1,1],"15":[1,1],"16":[1,1],"17":[1,1]},"f":{"1":2,"2":2,"3":2,"4":2,"5":2,"6":1,"7":1,"8":1,"9":2,"10":2,"11":2,"12":2,"13":1},"fnMap":{"1":{"name":"(anonymous_1)","line":12,"loc":{"start":{"line":12,"column":1},"end":{"line":12,"column":13}}},"2":{"name":"(anonymous_2)","line":19,"loc":{"start":{"line":19,"column":5},"end":{"line":19,"column":17}}},"3":{"name":"(anonymous_3)","line":23,"loc":{"start":{"line":23,"column":24},"end":{"line":23,"column":36}}},"4":{"name":"(anonymous_4)","line":61,"loc":{"start":{"line":61,"column":5},"end":{"line":61,"column":17}}},"5":{"name":"(anonymous_5)","line":82,"loc":{"start":{"line":82,"column":5},"end":{"line":82,"column":17}}},"6":{"name":"(anonymous_6)","line":91,"loc":{"start":{"line":91,"column":77},"end":{"line":94,"column":10}}},"7":{"name":"(anonymous_7)","line":112,"loc":{"start":{"line":112,"column":83},"end":{"line":115,"column":10}},"skip":true},"8":{"name":"(anonymous_8)","line":123,"loc":{"start":{"line":123,"column":77},"end":{"line":126,"column":10}},"skip":true},"9":{"name":"(anonymous_9)","line":139,"loc":{"start":{"line":139,"column":12},"end":{"line":139,"column":40}},"skip":true},"10":{"name":"(anonymous_10)","line":147,"loc":{"start":{"line":147,"column":77},"end":{"line":150,"column":10}},"skip":true},"11":{"name":"(anonymous_11)","line":158,"loc":{"start":{"line":158,"column":83},"end":{"line":161,"column":10}},"skip":true},"12":{"name":"(anonymous_12)","line":169,"loc":{"start":{"line":169,"column":79},"end":{"line":172,"column":10}},"skip":true},"13":{"name":"(anonymous_13)","line":180,"loc":{"start":{"line":180,"column":75},"end":{"line":183,"column":10}},"skip":true}},"statementMap":{"1":{"start":{"line":12,"column":0},"end":{"line":195,"column":5}},"2":{"start":{"line":14,"column":4},"end":{"line":14,"column":14}},"3":{"start":{"line":19,"column":4},"end":{"line":56,"column":9}},"4":{"start":{"line":21,"column":8},"end":{"line":21,"column":19}},"5":{"start":{"line":23,"column":8},"end":{"line":35,"column":13}},"6":{"start":{"line":24,"column":12},"end":{"line":34,"column":13}},"7":{"start":{"line":25,"column":16},"end":{"line":28,"column":30}},"8":{"start":{"line":30,"column":16},"end":{"line":33,"column":27}},"9":{"start":{"line":37,"column":8},"end":{"line":39,"column":21}},"10":{"start":{"line":40,"column":8},"end":{"line":53,"column":9}},"11":{"start":{"line":43,"column":12},"end":{"line":46,"column":14}},"12":{"start":{"line":47,"column":12},"end":{"line":47,"column":18}},"13":{"start":{"line":50,"column":12},"end":{"line":51,"column":33}},"14":{"start":{"line":52,"column":12},"end":{"line":52,"column":18}},"15":{"start":{"line":55,"column":8},"end":{"line":55,"column":35}},"16":{"start":{"line":61,"column":4},"end":{"line":63,"column":9}},"17":{"start":{"line":62,"column":8},"end":{"line":62,"column":15}},"18":{"start":{"line":64,"column":4},"end":{"line":77,"column":5}},"19":{"start":{"line":70,"column":8},"end":{"line":70,"column":14}},"20":{"start":{"line":76,"column":8},"end":{"line":76,"column":14}},"21":{"start":{"line":82,"column":4},"end":{"line":84,"column":9}},"22":{"start":{"line":83,"column":8},"end":{"line":83,"column":15}},"23":{"start":{"line":85,"column":4},"end":{"line":194,"column":5}},"24":{"start":{"line":91,"column":8},"end":{"line":99,"column":10}},"25":{"start":{"line":98,"column":12},"end":{"line":98,"column":35}},"26":{"start":{"line":102,"column":8},"end":{"line":104,"column":63}},"27":{"start":{"line":105,"column":8},"end":{"line":105,"column":14}},"28":{"start":{"line":112,"column":8},"end":{"line":121,"column":10},"skip":true},"29":{"start":{"line":119,"column":12},"end":{"line":119,"column":55},"skip":true},"30":{"start":{"line":120,"column":12},"end":{"line":120,"column":48},"skip":true},"31":{"start":{"line":123,"column":8},"end":{"line":136,"column":10},"skip":true},"32":{"start":{"line":130,"column":12},"end":{"line":130,"column":76},"skip":true},"33":{"start":{"line":131,"column":12},"end":{"line":131,"column":73},"skip":true},"34":{"start":{"line":132,"column":12},"end":{"line":132,"column":74},"skip":true},"35":{"start":{"line":133,"column":12},"end":{"line":133,"column":79},"skip":true},"36":{"start":{"line":134,"column":12},"end":{"line":134,"column":25},"skip":true},"37":{"start":{"line":135,"column":12},"end":{"line":135,"column":45},"skip":true},"38":{"start":{"line":138,"column":8},"end":{"line":145,"column":14},"skip":true},"39":{"start":{"line":143,"column":16},"end":{"line":143,"column":29},"skip":true},"40":{"start":{"line":144,"column":16},"end":{"line":144,"column":55},"skip":true},"41":{"start":{"line":147,"column":8},"end":{"line":156,"column":10},"skip":true},"42":{"start":{"line":154,"column":12},"end":{"line":154,"column":25},"skip":true},"43":{"start":{"line":155,"column":12},"end":{"line":155,"column":45},"skip":true},"44":{"start":{"line":158,"column":8},"end":{"line":167,"column":10},"skip":true},"45":{"start":{"line":165,"column":12},"end":{"line":165,"column":25},"skip":true},"46":{"start":{"line":166,"column":12},"end":{"line":166,"column":48},"skip":true},"47":{"start":{"line":169,"column":8},"end":{"line":178,"column":10},"skip":true},"48":{"start":{"line":176,"column":12},"end":{"line":176,"column":25},"skip":true},"49":{"start":{"line":177,"column":12},"end":{"line":177,"column":46},"skip":true},"50":{"start":{"line":180,"column":8},"end":{"line":189,"column":10},"skip":true},"51":{"start":{"line":187,"column":12},"end":{"line":187,"column":94},"skip":true},"52":{"start":{"line":188,"column":12},"end":{"line":188,"column":48},"skip":true},"53":{"start":{"line":192,"column":8},"end":{"line":192,"column":35},"skip":true},"54":{"start":{"line":193,"column":8},"end":{"line":193,"column":14},"skip":true}},"branchMap":{"1":{"line":25,"type":"binary-expr","locations":[{"start":{"line":25,"column":23},"end":{"line":25,"column":62}},{"start":{"line":26,"column":20},"end":{"line":26,"column":70}},{"start":{"line":27,"column":20},"end":{"line":27,"column":71}},{"start":{"line":28,"column":20},"end":{"line":28,"column":29}}]},"2":{"line":30,"type":"binary-expr","locations":[{"start":{"line":30,"column":23},"end":{"line":30,"column":37}},{"start":{"line":31,"column":20},"end":{"line":31,"column":61}},{"start":{"line":32,"column":20},"end":{"line":32,"column":70}},{"start":{"line":33,"column":20},"end":{"line":33,"column":26}}]},"3":{"line":37,"type":"cond-expr","locations":[{"start":{"line":38,"column":14},"end":{"line":38,"column":20}},{"start":{"line":39,"column":14},"end":{"line":39,"column":20}}]},"4":{"line":40,"type":"switch","locations":[{"start":{"line":42,"column":8},"end":{"line":47,"column":18}},{"start":{"line":49,"column":8},"end":{"line":52,"column":18}}]},"5":{"line":44,"type":"binary-expr","locations":[{"start":{"line":44,"column":16},"end":{"line":44,"column":44}},{"start":{"line":44,"column":48},"end":{"line":44,"column":66}}]},"6":{"line":50,"type":"binary-expr","locations":[{"start":{"line":50,"column":21},"end":{"line":50,"column":49}},{"start":{"line":50,"column":53},"end":{"line":50,"column":72}}]},"7":{"line":64,"type":"switch","locations":[{"start":{"line":69,"column":4},"end":{"line":70,"column":14}},{"start":{"line":75,"column":4},"end":{"line":76,"column":14}}]},"8":{"line":85,"type":"switch","locations":[{"start":{"line":90,"column":4},"end":{"line":105,"column":14}},{"start":{"line":111,"column":4},"end":{"line":193,"column":14},"skip":true}]},"9":{"line":91,"type":"binary-expr","locations":[{"start":{"line":91,"column":42},"end":{"line":91,"column":73}},{"start":{"line":91,"column":77},"end":{"line":99,"column":9}}]},"10":{"line":102,"type":"binary-expr","locations":[{"start":{"line":102,"column":18},"end":{"line":102,"column":32}},{"start":{"line":103,"column":12},"end":{"line":103,"column":53}},{"start":{"line":104,"column":12},"end":{"line":104,"column":61}}]},"11":{"line":112,"type":"binary-expr","locations":[{"start":{"line":112,"column":45},"end":{"line":112,"column":79},"skip":true},{"start":{"line":112,"column":83},"end":{"line":121,"column":9},"skip":true}]},"12":{"line":123,"type":"binary-expr","locations":[{"start":{"line":123,"column":42},"end":{"line":123,"column":73},"skip":true},{"start":{"line":123,"column":77},"end":{"line":136,"column":9},"skip":true}]},"13":{"line":138,"type":"binary-expr","locations":[{"start":{"line":138,"column":48},"end":{"line":138,"column":85},"skip":true},{"start":{"line":139,"column":12},"end":{"line":145,"column":13},"skip":true}]},"14":{"line":147,"type":"binary-expr","locations":[{"start":{"line":147,"column":42},"end":{"line":147,"column":73},"skip":true},{"start":{"line":147,"column":77},"end":{"line":156,"column":9},"skip":true}]},"15":{"line":158,"type":"binary-expr","locations":[{"start":{"line":158,"column":45},"end":{"line":158,"column":79},"skip":true},{"start":{"line":158,"column":83},"end":{"line":167,"column":9},"skip":true}]},"16":{"line":169,"type":"binary-expr","locations":[{"start":{"line":169,"column":43},"end":{"line":169,"column":75},"skip":true},{"start":{"line":169,"column":79},"end":{"line":178,"column":9},"skip":true}]},"17":{"line":180,"type":"binary-expr","locations":[{"start":{"line":180,"column":41},"end":{"line":180,"column":71},"skip":true},{"start":{"line":180,"column":75},"end":{"line":189,"column":9},"skip":true}]}},"code":["/* istanbul instrument in package npmtest_react_tagsinput */","/*jslint","    bitwise: true,","    browser: true,","    maxerr: 8,","    maxlen: 96,","    node: true,","    nomen: true,","    regexp: true,","    stupid: true","*/","(function () {","    'use strict';","    var local;","","","","    // run shared js-env code - init-before","    (function () {","        // init local","        local = {};","        // init modeJs","        local.modeJs = (function () {","            try {","                return typeof navigator.userAgent === 'string' &&","                    typeof document.querySelector('body') === 'object' &&","                    typeof XMLHttpRequest.prototype.open === 'function' &&","                    'browser';","            } catch (errorCaughtBrowser) {","                return module.exports &&","                    typeof process.versions.node === 'string' &&","                    typeof require('http').createServer === 'function' &&","                    'node';","            }","        }());","        // init global","        local.global = local.modeJs === 'browser'","            ? window","            : global;","        switch (local.modeJs) {","        // re-init local from window.local","        case 'browser':","            local = local.global.utility2.objectSetDefault(","                local.global.utility2_rollup || local.global.local,","                local.global.utility2","            );","            break;","        // re-init local from example.js","        case 'node':","            local = (local.global.utility2_rollup || require('utility2'))","                .requireReadme();","            break;","        }","        // export local","        local.global.local = local;","    }());","","","","    // run shared js-env code - function","    (function () {","        return;","    }());","    switch (local.modeJs) {","","","","    // run browser js-env code - function","    case 'browser':","        break;","","","","    // run node js-env code - function","    case 'node':","        break;","    }","","","","    // run shared js-env code - init-after","    (function () {","        return;","    }());","    switch (local.modeJs) {","","","","    // run browser js-env code - init-after","    case 'browser':","        local.testCase_browser_nullCase = local.testCase_browser_nullCase || function (","            options,","            onError","        ) {","        /*","         * this function will test browsers's null-case handling-behavior-behavior","         */","            onError(null, options);","        };","","        // run tests","        local.nop(local.modeTest &&","            document.querySelector('#testRunButton1') &&","            document.querySelector('#testRunButton1').click());","        break;","","","","    // run node js-env code - init-after","    /* istanbul ignore next */","    case 'node':","        local.testCase_buildApidoc_default = local.testCase_buildApidoc_default || function (","            options,","            onError","        ) {","        /*","         * this function will test buildApidoc's default handling-behavior-behavior","         */","            options = { modulePathList: module.paths };","            local.buildApidoc(options, onError);","        };","","        local.testCase_buildApp_default = local.testCase_buildApp_default || function (","            options,","            onError","        ) {","        /*","         * this function will test buildApp's default handling-behavior-behavior","         */","            local.testCase_buildReadme_default(options, local.onErrorThrow);","            local.testCase_buildLib_default(options, local.onErrorThrow);","            local.testCase_buildTest_default(options, local.onErrorThrow);","            local.testCase_buildCustomOrg_default(options, local.onErrorThrow);","            options = [];","            local.buildApp(options, onError);","        };","","        local.testCase_buildCustomOrg_default = local.testCase_buildCustomOrg_default ||","            function (options, onError) {","            /*","             * this function will test buildCustomOrg's default handling-behavior","             */","                options = {};","                local.buildCustomOrg(options, onError);","            };","","        local.testCase_buildLib_default = local.testCase_buildLib_default || function (","            options,","            onError","        ) {","        /*","         * this function will test buildLib's default handling-behavior","         */","            options = {};","            local.buildLib(options, onError);","        };","","        local.testCase_buildReadme_default = local.testCase_buildReadme_default || function (","            options,","            onError","        ) {","        /*","         * this function will test buildReadme's default handling-behavior-behavior","         */","            options = {};","            local.buildReadme(options, onError);","        };","","        local.testCase_buildTest_default = local.testCase_buildTest_default || function (","            options,","            onError","        ) {","        /*","         * this function will test buildTest's default handling-behavior","         */","            options = {};","            local.buildTest(options, onError);","        };","","        local.testCase_webpage_default = local.testCase_webpage_default || function (","            options,","            onError","        ) {","        /*","         * this function will test webpage's default handling-behavior","         */","            options = { modeCoverageMerge: true, url: local.serverLocalHost + '?modeTest=1' };","            local.browserTest(options, onError);","        };","","        // run test-server","        local.testRunServer(local);","        break;","    }","}());",""],"l":{"12":2,"14":2,"19":2,"21":2,"23":2,"24":2,"25":2,"30":1,"37":2,"40":2,"43":1,"47":1,"50":1,"52":1,"55":2,"61":2,"62":2,"64":2,"70":1,"76":1,"82":2,"83":2,"85":2,"91":1,"98":1,"102":1,"105":1,"112":1,"119":1,"120":1,"123":1,"130":1,"131":1,"132":1,"133":1,"134":1,"135":1,"138":1,"143":2,"144":2,"147":1,"154":2,"155":2,"158":1,"165":2,"166":2,"169":1,"176":2,"177":2,"180":1,"187":1,"188":1,"192":1,"193":1}},"/home/travis/build/npmtest/node-npmtest-react-tagsinput/lib.npmtest_react_tagsinput.js":{"path":"/home/travis/build/npmtest/node-npmtest-react-tagsinput/lib.npmtest_react_tagsinput.js","s":{"1":2,"2":2,"3":2,"4":2,"5":2,"6":2,"7":2,"8":1,"9":2,"10":2,"11":2,"12":2,"13":1,"14":1,"15":1,"16":1},"b":{"1":[2,1,1,1],"2":[1,1,1,1],"3":[1,1],"4":[2,2],"5":[1,1]},"f":{"1":2,"2":2,"3":2},"fnMap":{"1":{"name":"(anonymous_1)","line":12,"loc":{"start":{"line":12,"column":1},"end":{"line":12,"column":13}}},"2":{"name":"(anonymous_2)","line":19,"loc":{"start":{"line":19,"column":5},"end":{"line":19,"column":17}}},"3":{"name":"(anonymous_3)","line":23,"loc":{"start":{"line":23,"column":24},"end":{"line":23,"column":36}}}},"statementMap":{"1":{"start":{"line":12,"column":0},"end":{"line":53,"column":5}},"2":{"start":{"line":14,"column":4},"end":{"line":14,"column":14}},"3":{"start":{"line":19,"column":4},"end":{"line":52,"column":9}},"4":{"start":{"line":21,"column":8},"end":{"line":21,"column":19}},"5":{"start":{"line":23,"column":8},"end":{"line":35,"column":13}},"6":{"start":{"line":24,"column":12},"end":{"line":34,"column":13}},"7":{"start":{"line":25,"column":16},"end":{"line":28,"column":30}},"8":{"start":{"line":30,"column":16},"end":{"line":33,"column":27}},"9":{"start":{"line":37,"column":8},"end":{"line":39,"column":21}},"10":{"start":{"line":41,"column":8},"end":{"line":41,"column":54}},"11":{"start":{"line":43,"column":8},"end":{"line":43,"column":60}},"12":{"start":{"line":45,"column":8},"end":{"line":51,"column":9}},"13":{"start":{"line":46,"column":12},"end":{"line":46,"column":66}},"14":{"start":{"line":48,"column":12},"end":{"line":48,"column":35}},"15":{"start":{"line":49,"column":12},"end":{"line":49,"column":49}},"16":{"start":{"line":50,"column":12},"end":{"line":50,"column":43}}},"branchMap":{"1":{"line":25,"type":"binary-expr","locations":[{"start":{"line":25,"column":23},"end":{"line":25,"column":62}},{"start":{"line":26,"column":20},"end":{"line":26,"column":70}},{"start":{"line":27,"column":20},"end":{"line":27,"column":71}},{"start":{"line":28,"column":20},"end":{"line":28,"column":29}}]},"2":{"line":30,"type":"binary-expr","locations":[{"start":{"line":30,"column":23},"end":{"line":30,"column":37}},{"start":{"line":31,"column":20},"end":{"line":31,"column":61}},{"start":{"line":32,"column":20},"end":{"line":32,"column":70}},{"start":{"line":33,"column":20},"end":{"line":33,"column":26}}]},"3":{"line":37,"type":"cond-expr","locations":[{"start":{"line":38,"column":14},"end":{"line":38,"column":20}},{"start":{"line":39,"column":14},"end":{"line":39,"column":20}}]},"4":{"line":41,"type":"binary-expr","locations":[{"start":{"line":41,"column":16},"end":{"line":41,"column":44}},{"start":{"line":41,"column":48},"end":{"line":41,"column":53}}]},"5":{"line":45,"type":"if","locations":[{"start":{"line":45,"column":8},"end":{"line":45,"column":8}},{"start":{"line":45,"column":8},"end":{"line":45,"column":8}}]}},"code":["/* istanbul instrument in package npmtest_react_tagsinput */","/*jslint","    bitwise: true,","    browser: true,","    maxerr: 8,","    maxlen: 96,","    node: true,","    nomen: true,","    regexp: true,","    stupid: true","*/","(function () {","    'use strict';","    var local;","","","","    // run shared js-env code - init-before","    (function () {","        // init local","        local = {};","        // init modeJs","        local.modeJs = (function () {","            try {","                return typeof navigator.userAgent === 'string' &&","                    typeof document.querySelector('body') === 'object' &&","                    typeof XMLHttpRequest.prototype.open === 'function' &&","                    'browser';","            } catch (errorCaughtBrowser) {","                return module.exports &&","                    typeof process.versions.node === 'string' &&","                    typeof require('http').createServer === 'function' &&","                    'node';","            }","        }());","        // init global","        local.global = local.modeJs === 'browser'","            ? window","            : global;","        // init utility2_rollup","        local = local.global.utility2_rollup || local;","        // init lib","        local.local = local.npmtest_react_tagsinput = local;","        // init exports","        if (local.modeJs === 'browser') {","            local.global.utility2_npmtest_react_tagsinput = local;","        } else {","            module.exports = local;","            module.exports.__dirname = __dirname;","            module.exports.module = module;","        }","    }());","}());",""],"l":{"12":2,"14":2,"19":2,"21":2,"23":2,"24":2,"25":2,"30":1,"37":2,"41":2,"43":2,"45":2,"46":1,"48":1,"49":1,"50":1}},"/home/travis/build/npmtest/node-npmtest-react-tagsinput/example.js":{"path":"/home/travis/build/npmtest/node-npmtest-react-tagsinput/example.js","s":{"1":2,"2":2,"3":2,"4":2,"5":2,"6":2,"7":2,"8":1,"9":2,"10":2,"11":2,"12":2,"13":1,"14":2,"15":2,"16":2,"17":2,"18":2,"19":0,"20":2,"21":1,"22":1,"23":1,"24":1,"25":1,"26":0,"27":0,"28":1,"29":1,"30":2,"31":0,"32":0,"33":0,"34":1,"35":2,"36":2,"37":3,"38":3,"39":3,"40":3,"41":0,"42":3,"43":3,"44":3,"45":1,"46":3,"47":1,"48":1,"49":1,"50":1,"51":1,"52":1,"53":1,"54":1,"55":1,"56":1,"57":0,"58":1,"59":6,"60":6,"61":1,"62":2,"63":0,"64":2,"65":1,"66":1,"67":0,"68":0,"69":0,"70":0,"71":0,"72":0,"73":0,"74":0,"75":0,"76":0,"77":0,"78":0,"79":0,"80":0,"81":0,"82":0,"83":0},"b":{"1":[2,1,1,1],"2":[1,1,1,1],"3":[1,1],"4":[2,2],"5":[1,1],"6":[1,1],"7":[2,0],"8":[2,1,1,1,1,1],"9":[0,2,0],"10":[1,1],"11":[2,1,1],"12":[1,0],"13":[0,2],"14":[2,0,0,0,0,0,0],"15":[0,3],"16":[3,0],"17":[1,1],"18":[0,1],"19":[1,2,0,2],"20":[1,0],"21":[1,1],"22":[0,0],"23":[0,0],"24":[0,0],"25":[0,0],"26":[0,0],"27":[0,0],"28":[0,0]},"f":{"1":2,"2":2,"3":2,"4":2,"5":2,"6":2,"7":3,"8":3,"9":3,"10":1,"11":6,"12":0},"fnMap":{"1":{"name":"(anonymous_1)","line":26,"loc":{"start":{"line":26,"column":1},"end":{"line":26,"column":13}}},"2":{"name":"(anonymous_2)","line":33,"loc":{"start":{"line":33,"column":5},"end":{"line":33,"column":17}}},"3":{"name":"(anonymous_3)","line":37,"loc":{"start":{"line":37,"column":24},"end":{"line":37,"column":36}}},"4":{"name":"(anonymous_4)","line":69,"loc":{"start":{"line":69,"column":31},"end":{"line":69,"column":48}},"skip":true},"5":{"name":"(anonymous_5)","line":78,"loc":{"start":{"line":78,"column":26},"end":{"line":78,"column":45}},"skip":true},"6":{"name":"(anonymous_6)","line":123,"loc":{"start":{"line":123,"column":33},"end":{"line":123,"column":48}},"skip":true},"7":{"name":"(anonymous_7)","line":125,"loc":{"start":{"line":125,"column":27},"end":{"line":125,"column":39}},"skip":true},"8":{"name":"(anonymous_8)","line":133,"loc":{"start":{"line":133,"column":59},"end":{"line":133,"column":74}},"skip":true},"9":{"name":"(anonymous_9)","line":143,"loc":{"start":{"line":143,"column":45},"end":{"line":143,"column":62}},"skip":true},"10":{"name":"(anonymous_10)","line":144,"loc":{"start":{"line":144,"column":73},"end":{"line":144,"column":92}},"skip":true},"11":{"name":"(anonymous_11)","line":272,"loc":{"start":{"line":272,"column":51},"end":{"line":272,"column":77}},"skip":true},"12":{"name":"(anonymous_12)","line":315,"loc":{"start":{"line":315,"column":32},"end":{"line":315,"column":61}},"skip":true}},"statementMap":{"1":{"start":{"line":26,"column":0},"end":{"line":326,"column":5}},"2":{"start":{"line":28,"column":4},"end":{"line":28,"column":14}},"3":{"start":{"line":33,"column":4},"end":{"line":60,"column":9}},"4":{"start":{"line":35,"column":8},"end":{"line":35,"column":19}},"5":{"start":{"line":37,"column":8},"end":{"line":49,"column":13}},"6":{"start":{"line":38,"column":12},"end":{"line":48,"column":13}},"7":{"start":{"line":39,"column":16},"end":{"line":42,"column":30}},"8":{"start":{"line":44,"column":16},"end":{"line":47,"column":27}},"9":{"start":{"line":51,"column":8},"end":{"line":53,"column":21}},"10":{"start":{"line":55,"column":8},"end":{"line":57,"column":45}},"11":{"start":{"line":59,"column":8},"end":{"line":59,"column":35}},"12":{"start":{"line":61,"column":4},"end":{"line":325,"column":5}},"13":{"start":{"line":69,"column":8},"end":{"line":121,"column":10},"skip":true},"14":{"start":{"line":70,"column":12},"end":{"line":88,"column":13},"skip":true},"15":{"start":{"line":76,"column":16},"end":{"line":87,"column":19},"skip":true},"16":{"start":{"line":79,"column":20},"end":{"line":86,"column":21},"skip":true},"17":{"start":{"line":82,"column":24},"end":{"line":82,"column":43},"skip":true},"18":{"start":{"line":83,"column":24},"end":{"line":83,"column":30},"skip":true},"19":{"start":{"line":85,"column":24},"end":{"line":85,"column":49},"skip":true},"20":{"start":{"line":89,"column":12},"end":{"line":107,"column":13},"skip":true},"21":{"start":{"line":92,"column":16},"end":{"line":102,"column":17},"skip":true},"22":{"start":{"line":93,"column":20},"end":{"line":93,"column":86},"skip":true},"23":{"start":{"line":94,"column":20},"end":{"line":95,"column":45},"skip":true},"24":{"start":{"line":96,"column":20},"end":{"line":96,"column":42},"skip":true},"25":{"start":{"line":97,"column":20},"end":{"line":97,"column":48},"skip":true},"26":{"start":{"line":100,"column":20},"end":{"line":100,"column":85},"skip":true},"27":{"start":{"line":101,"column":20},"end":{"line":101,"column":96},"skip":true},"28":{"start":{"line":103,"column":16},"end":{"line":103,"column":22},"skip":true},"29":{"start":{"line":106,"column":16},"end":{"line":106,"column":22},"skip":true},"30":{"start":{"line":108,"column":12},"end":{"line":120,"column":13},"skip":true},"31":{"start":{"line":114,"column":16},"end":{"line":119,"column":17},"skip":true},"32":{"start":{"line":116,"column":20},"end":{"line":116,"column":78},"skip":true},"33":{"start":{"line":118,"column":20},"end":{"line":118,"column":47},"skip":true},"34":{"start":{"line":123,"column":8},"end":{"line":141,"column":11},"skip":true},"35":{"start":{"line":124,"column":12},"end":{"line":124,"column":54},"skip":true},"36":{"start":{"line":125,"column":12},"end":{"line":140,"column":14},"skip":true},"37":{"start":{"line":126,"column":16},"end":{"line":126,"column":28},"skip":true},"38":{"start":{"line":127,"column":16},"end":{"line":127,"column":69},"skip":true},"39":{"start":{"line":128,"column":16},"end":{"line":128,"column":75},"skip":true},"40":{"start":{"line":129,"column":16},"end":{"line":131,"column":17},"skip":true},"41":{"start":{"line":130,"column":20},"end":{"line":130,"column":27},"skip":true},"42":{"start":{"line":133,"column":16},"end":{"line":137,"column":36},"skip":true},"43":{"start":{"line":134,"column":20},"end":{"line":136,"column":55},"skip":true},"44":{"start":{"line":139,"column":16},"end":{"line":139,"column":57},"skip":true},"45":{"start":{"line":143,"column":8},"end":{"line":147,"column":11},"skip":true},"46":{"start":{"line":144,"column":12},"end":{"line":146,"column":15},"skip":true},"47":{"start":{"line":145,"column":16},"end":{"line":145,"column":70},"skip":true},"48":{"start":{"line":149,"column":8},"end":{"line":149,"column":31},"skip":true},"49":{"start":{"line":150,"column":8},"end":{"line":150,"column":14},"skip":true},"50":{"start":{"line":158,"column":8},"end":{"line":158,"column":31},"skip":true},"51":{"start":{"line":160,"column":8},"end":{"line":160,"column":33},"skip":true},"52":{"start":{"line":161,"column":8},"end":{"line":161,"column":37},"skip":true},"53":{"start":{"line":162,"column":8},"end":{"line":162,"column":35},"skip":true},"54":{"start":{"line":164,"column":8},"end":{"line":164,"column":50},"skip":true},"55":{"start":{"line":166,"column":8},"end":{"line":256,"column":2},"skip":true},"56":{"start":{"line":258,"column":8},"end":{"line":286,"column":9},"skip":true},"57":{"start":{"line":259,"column":12},"end":{"line":269,"column":14},"skip":true},"58":{"start":{"line":271,"column":12},"end":{"line":285,"column":19},"skip":true},"59":{"start":{"line":274,"column":20},"end":{"line":274,"column":35},"skip":true},"60":{"start":{"line":275,"column":20},"end":{"line":284,"column":21},"skip":true},"61":{"start":{"line":277,"column":24},"end":{"line":277,"column":64},"skip":true},"62":{"start":{"line":279,"column":24},"end":{"line":279,"column":40},"skip":true},"63":{"start":{"line":281,"column":24},"end":{"line":281,"column":40},"skip":true},"64":{"start":{"line":283,"column":24},"end":{"line":283,"column":39},"skip":true},"65":{"start":{"line":288,"column":8},"end":{"line":290,"column":9},"skip":true},"66":{"start":{"line":289,"column":12},"end":{"line":289,"column":18},"skip":true},"67":{"start":{"line":291,"column":8},"end":{"line":293,"column":54},"skip":true},"68":{"start":{"line":296,"column":8},"end":{"line":301,"column":37},"skip":true},"69":{"start":{"line":303,"column":8},"end":{"line":303,"column":82},"skip":true},"70":{"start":{"line":306,"column":8},"end":{"line":308,"column":9},"skip":true},"71":{"start":{"line":307,"column":12},"end":{"line":307,"column":82},"skip":true},"72":{"start":{"line":310,"column":8},"end":{"line":312,"column":9},"skip":true},"73":{"start":{"line":311,"column":12},"end":{"line":311,"column":18},"skip":true},"74":{"start":{"line":313,"column":8},"end":{"line":313,"column":54},"skip":true},"75":{"start":{"line":314,"column":8},"end":{"line":314,"column":69},"skip":true},"76":{"start":{"line":315,"column":8},"end":{"line":323,"column":36},"skip":true},"77":{"start":{"line":316,"column":12},"end":{"line":316,"column":61},"skip":true},"78":{"start":{"line":317,"column":12},"end":{"line":320,"column":13},"skip":true},"79":{"start":{"line":318,"column":16},"end":{"line":318,"column":75},"skip":true},"80":{"start":{"line":319,"column":16},"end":{"line":319,"column":23},"skip":true},"81":{"start":{"line":321,"column":12},"end":{"line":321,"column":38},"skip":true},"82":{"start":{"line":322,"column":12},"end":{"line":322,"column":27},"skip":true},"83":{"start":{"line":324,"column":8},"end":{"line":324,"column":14},"skip":true}},"branchMap":{"1":{"line":39,"type":"binary-expr","locations":[{"start":{"line":39,"column":23},"end":{"line":39,"column":62}},{"start":{"line":40,"column":20},"end":{"line":40,"column":70}},{"start":{"line":41,"column":20},"end":{"line":41,"column":71}},{"start":{"line":42,"column":20},"end":{"line":42,"column":29}}]},"2":{"line":44,"type":"binary-expr","locations":[{"start":{"line":44,"column":23},"end":{"line":44,"column":37}},{"start":{"line":45,"column":20},"end":{"line":45,"column":61}},{"start":{"line":46,"column":20},"end":{"line":46,"column":70}},{"start":{"line":47,"column":20},"end":{"line":47,"column":26}}]},"3":{"line":51,"type":"cond-expr","locations":[{"start":{"line":52,"column":14},"end":{"line":52,"column":20}},{"start":{"line":53,"column":14},"end":{"line":53,"column":20}}]},"4":{"line":55,"type":"binary-expr","locations":[{"start":{"line":55,"column":16},"end":{"line":55,"column":44}},{"start":{"line":55,"column":49},"end":{"line":57,"column":43}}]},"5":{"line":55,"type":"cond-expr","locations":[{"start":{"line":56,"column":14},"end":{"line":56,"column":59}},{"start":{"line":57,"column":14},"end":{"line":57,"column":43}}]},"6":{"line":61,"type":"switch","locations":[{"start":{"line":68,"column":4},"end":{"line":150,"column":14},"skip":true},{"start":{"line":156,"column":4},"end":{"line":324,"column":14},"skip":true}]},"7":{"line":70,"type":"if","locations":[{"start":{"line":70,"column":12},"end":{"line":70,"column":12},"skip":true},{"start":{"line":70,"column":12},"end":{"line":70,"column":12},"skip":true}]},"8":{"line":70,"type":"binary-expr","locations":[{"start":{"line":70,"column":16},"end":{"line":70,"column":22},"skip":true},{"start":{"line":70,"column":27},"end":{"line":70,"column":32},"skip":true},{"start":{"line":71,"column":20},"end":{"line":71,"column":39},"skip":true},{"start":{"line":72,"column":20},"end":{"line":72,"column":49},"skip":true},{"start":{"line":73,"column":20},"end":{"line":73,"column":58},"skip":true},{"start":{"line":74,"column":20},"end":{"line":74,"column":69},"skip":true}]},"9":{"line":79,"type":"switch","locations":[{"start":{"line":80,"column":20},"end":{"line":80,"column":33},"skip":true},{"start":{"line":81,"column":20},"end":{"line":83,"column":30},"skip":true},{"start":{"line":84,"column":20},"end":{"line":85,"column":49},"skip":true}]},"10":{"line":89,"type":"switch","locations":[{"start":{"line":90,"column":12},"end":{"line":103,"column":22},"skip":true},{"start":{"line":105,"column":12},"end":{"line":106,"column":22},"skip":true}]},"11":{"line":89,"type":"binary-expr","locations":[{"start":{"line":89,"column":20},"end":{"line":89,"column":25},"skip":true},{"start":{"line":89,"column":29},"end":{"line":89,"column":48},"skip":true},{"start":{"line":89,"column":52},"end":{"line":89,"column":74},"skip":true}]},"12":{"line":92,"type":"if","locations":[{"start":{"line":92,"column":16},"end":{"line":92,"column":16},"skip":true},{"start":{"line":92,"column":16},"end":{"line":92,"column":16},"skip":true}]},"13":{"line":108,"type":"if","locations":[{"start":{"line":108,"column":12},"end":{"line":108,"column":12},"skip":true},{"start":{"line":108,"column":12},"end":{"line":108,"column":12},"skip":true}]},"14":{"line":108,"type":"binary-expr","locations":[{"start":{"line":108,"column":16},"end":{"line":108,"column":61},"skip":true},{"start":{"line":108,"column":66},"end":{"line":108,"column":72},"skip":true},{"start":{"line":108,"column":77},"end":{"line":108,"column":82},"skip":true},{"start":{"line":109,"column":20},"end":{"line":109,"column":39},"skip":true},{"start":{"line":110,"column":20},"end":{"line":110,"column":49},"skip":true},{"start":{"line":111,"column":20},"end":{"line":111,"column":58},"skip":true},{"start":{"line":112,"column":20},"end":{"line":112,"column":68},"skip":true}]},"15":{"line":129,"type":"if","locations":[{"start":{"line":129,"column":16},"end":{"line":129,"column":16},"skip":true},{"start":{"line":129,"column":16},"end":{"line":129,"column":16},"skip":true}]},"16":{"line":134,"type":"cond-expr","locations":[{"start":{"line":135,"column":26},"end":{"line":135,"column":29},"skip":true},{"start":{"line":136,"column":26},"end":{"line":136,"column":54},"skip":true}]},"17":{"line":164,"type":"binary-expr","locations":[{"start":{"line":164,"column":27},"end":{"line":164,"column":43},"skip":true},{"start":{"line":164,"column":47},"end":{"line":164,"column":49},"skip":true}]},"18":{"line":258,"type":"if","locations":[{"start":{"line":258,"column":8},"end":{"line":258,"column":8},"skip":true},{"start":{"line":258,"column":8},"end":{"line":258,"column":8},"skip":true}]},"19":{"line":275,"type":"switch","locations":[{"start":{"line":276,"column":20},"end":{"line":277,"column":64},"skip":true},{"start":{"line":278,"column":20},"end":{"line":279,"column":40},"skip":true},{"start":{"line":280,"column":20},"end":{"line":281,"column":40},"skip":true},{"start":{"line":282,"column":20},"end":{"line":283,"column":39},"skip":true}]},"20":{"line":288,"type":"if","locations":[{"start":{"line":288,"column":8},"end":{"line":288,"column":8},"skip":true},{"start":{"line":288,"column":8},"end":{"line":288,"column":8},"skip":true}]},"21":{"line":288,"type":"binary-expr","locations":[{"start":{"line":288,"column":12},"end":{"line":288,"column":40},"skip":true},{"start":{"line":288,"column":44},"end":{"line":288,"column":67},"skip":true}]},"22":{"line":292,"type":"binary-expr","locations":[{"start":{"line":292,"column":12},"end":{"line":292,"column":50},"skip":true},{"start":{"line":293,"column":12},"end":{"line":293,"column":53},"skip":true}]},"23":{"line":297,"type":"binary-expr","locations":[{"start":{"line":297,"column":12},"end":{"line":297,"column":73},"skip":true},{"start":{"line":298,"column":12},"end":{"line":301,"column":36},"skip":true}]},"24":{"line":303,"type":"binary-expr","locations":[{"start":{"line":303,"column":43},"end":{"line":303,"column":75},"skip":true},{"start":{"line":303,"column":79},"end":{"line":303,"column":81},"skip":true}]},"25":{"line":306,"type":"if","locations":[{"start":{"line":306,"column":8},"end":{"line":306,"column":8},"skip":true},{"start":{"line":306,"column":8},"end":{"line":306,"column":8},"skip":true}]},"26":{"line":310,"type":"if","locations":[{"start":{"line":310,"column":8},"end":{"line":310,"column":8},"skip":true},{"start":{"line":310,"column":8},"end":{"line":310,"column":8},"skip":true}]},"27":{"line":313,"type":"binary-expr","locations":[{"start":{"line":313,"column":27},"end":{"line":313,"column":43},"skip":true},{"start":{"line":313,"column":47},"end":{"line":313,"column":53},"skip":true}]},"28":{"line":317,"type":"if","locations":[{"start":{"line":317,"column":12},"end":{"line":317,"column":12},"skip":true},{"start":{"line":317,"column":12},"end":{"line":317,"column":12},"skip":true}]}},"code":["/*","example.js","","quickstart example","","instruction","    1. save this script as example.js","    2. run the shell command:","        $ npm install npmtest-react-tagsinput && PORT=8081 node example.js","    3. play with the browser-demo on http://127.0.0.1:8081","*/","","","","/* istanbul instrument in package npmtest_react_tagsinput */","/*jslint","    bitwise: true,","    browser: true,","    maxerr: 8,","    maxlen: 96,","    node: true,","    nomen: true,","    regexp: true,","    stupid: true","*/","(function () {","    'use strict';","    var local;","","","","    // run shared js-env code - init-before","    (function () {","        // init local","        local = {};","        // init modeJs","        local.modeJs = (function () {","            try {","                return typeof navigator.userAgent === 'string' &&","                    typeof document.querySelector('body') === 'object' &&","                    typeof XMLHttpRequest.prototype.open === 'function' &&","                    'browser';","            } catch (errorCaughtBrowser) {","                return module.exports &&","                    typeof process.versions.node === 'string' &&","                    typeof require('http').createServer === 'function' &&","                    'node';","            }","        }());","        // init global","        local.global = local.modeJs === 'browser'","            ? window","            : global;","        // init utility2_rollup","        local = local.global.utility2_rollup || (local.modeJs === 'browser'","            ? local.global.utility2_npmtest_react_tagsinput","            : global.utility2_moduleExports);","        // export local","        local.global.local = local;","    }());","    switch (local.modeJs) {","","","","    // init-after","    // run browser js-env code - init-after","    /* istanbul ignore next */","    case 'browser':","        local.testRunBrowser = function (event) {","            if (!event || (event &&","                    event.currentTarget &&","                    event.currentTarget.className &&","                    event.currentTarget.className.includes &&","                    event.currentTarget.className.includes('onreset'))) {","                // reset output","                Array.from(","                    document.querySelectorAll('body > .resettable')","                ).forEach(function (element) {","                    switch (element.tagName) {","                    case 'INPUT':","                    case 'TEXTAREA':","                        element.value = '';","                        break;","                    default:","                        element.textContent = '';","                    }","                });","            }","            switch (event && event.currentTarget && event.currentTarget.id) {","            case 'testRunButton1':","                // show tests","                if (document.querySelector('#testReportDiv1').style.display === 'none') {","                    document.querySelector('#testReportDiv1').style.display = 'block';","                    document.querySelector('#testRunButton1').textContent =","                        'hide internal test';","                    local.modeTest = true;","                    local.testRunDefault(local);","                // hide tests","                } else {","                    document.querySelector('#testReportDiv1').style.display = 'none';","                    document.querySelector('#testRunButton1').textContent = 'run internal test';","                }","                break;","            // custom-case","            default:","                break;","            }","            if (document.querySelector('#inputTextareaEval1') && (!event || (event &&","                    event.currentTarget &&","                    event.currentTarget.className &&","                    event.currentTarget.className.includes &&","                    event.currentTarget.className.includes('oneval')))) {","                // try to eval input-code","                try {","                    /*jslint evil: true*/","                    eval(document.querySelector('#inputTextareaEval1').value);","                } catch (errorCaught) {","                    console.error(errorCaught);","                }","            }","        };","        // log stderr and stdout to #outputTextareaStdout1","        ['error', 'log'].forEach(function (key) {","            console[key + '_original'] = console[key];","            console[key] = function () {","                var element;","                console[key + '_original'].apply(console, arguments);","                element = document.querySelector('#outputTextareaStdout1');","                if (!element) {","                    return;","                }","                // append text to #outputTextareaStdout1","                element.value += Array.from(arguments).map(function (arg) {","                    return typeof arg === 'string'","                        ? arg","                        : JSON.stringify(arg, null, 4);","                }).join(' ') + '\\n';","                // scroll textarea to bottom","                element.scrollTop = element.scrollHeight;","            };","        });","        // init event-handling","        ['change', 'click', 'keyup'].forEach(function (event) {","            Array.from(document.querySelectorAll('.on' + event)).forEach(function (element) {","                element.addEventListener(event, local.testRunBrowser);","            });","        });","        // run tests","        local.testRunBrowser();","        break;","","","","    // run node js-env code - init-after","    /* istanbul ignore next */","    case 'node':","        // export local","        module.exports = local;","        // require modules","        local.fs = require('fs');","        local.http = require('http');","        local.url = require('url');","        // init assets","        local.assetsDict = local.assetsDict || {};","        /* jslint-ignore-begin */","        local.assetsDict['/assets.index.template.html'] = '\\","<!doctype html>\\n\\","<html lang=\"en\">\\n\\","<head>\\n\\","<meta charset=\"UTF-8\">\\n\\","<meta name=\"viewport\" content=\"width=device-width, initial-scale=1\">\\n\\","<title>{{env.npm_package_name}} (v{{env.npm_package_version}})</title>\\n\\","<style>\\n\\","/*csslint\\n\\","    box-sizing: false,\\n\\","    universal-selector: false\\n\\","*/\\n\\","* {\\n\\","    box-sizing: border-box;\\n\\","}\\n\\","body {\\n\\","    background: #dde;\\n\\","    font-family: Arial, Helvetica, sans-serif;\\n\\","    margin: 2rem;\\n\\","}\\n\\","body > * {\\n\\","    margin-bottom: 1rem;\\n\\","}\\n\\",".utility2FooterDiv {\\n\\","    margin-top: 20px;\\n\\","    text-align: center;\\n\\","}\\n\\","</style>\\n\\","<style>\\n\\","/*csslint\\n\\","*/\\n\\","textarea {\\n\\","    font-family: monospace;\\n\\","    height: 10rem;\\n\\","    width: 100%;\\n\\","}\\n\\","textarea[readonly] {\\n\\","    background: #ddd;\\n\\","}\\n\\","</style>\\n\\","</head>\\n\\","<body>\\n\\","<!-- utility2-comment\\n\\","<div id=\"ajaxProgressDiv1\" style=\"background: #d00; height: 2px; left: 0; margin: 0; padding: 0; position: fixed; top: 0; transition: background 0.5s, width 1.5s; width: 25%;\"></div>\\n\\","utility2-comment -->\\n\\","<h1>\\n\\","<!-- utility2-comment\\n\\","    <a\\n\\","        {{#if env.npm_package_homepage}}\\n\\","        href=\"{{env.npm_package_homepage}}\"\\n\\","        {{/if env.npm_package_homepage}}\\n\\","        target=\"_blank\"\\n\\","    >\\n\\","utility2-comment -->\\n\\","        {{env.npm_package_name}} (v{{env.npm_package_version}})\\n\\","<!-- utility2-comment\\n\\","    </a>\\n\\","utility2-comment -->\\n\\","</h1>\\n\\","<h3>{{env.npm_package_description}}</h3>\\n\\","<!-- utility2-comment\\n\\","<h4><a download href=\"assets.app.js\">download standalone app</a></h4>\\n\\","<button class=\"onclick onreset\" id=\"testRunButton1\">run internal test</button><br>\\n\\","<div id=\"testReportDiv1\" style=\"display: none;\"></div>\\n\\","utility2-comment -->\\n\\","\\n\\","\\n\\","\\n\\","<label>stderr and stdout</label>\\n\\","<textarea class=\"resettable\" id=\"outputTextareaStdout1\" readonly></textarea>\\n\\","<!-- utility2-comment\\n\\","{{#if isRollup}}\\n\\","<script src=\"assets.app.js\"></script>\\n\\","{{#unless isRollup}}\\n\\","utility2-comment -->\\n\\","<script src=\"assets.utility2.rollup.js\"></script>\\n\\","<script src=\"jsonp.utility2._stateInit?callback=window.utility2._stateInit\"></script>\\n\\","<script src=\"assets.npmtest_react_tagsinput.rollup.js\"></script>\\n\\","<script src=\"assets.example.js\"></script>\\n\\","<script src=\"assets.test.js\"></script>\\n\\","<!-- utility2-comment\\n\\","{{/if isRollup}}\\n\\","utility2-comment -->\\n\\","<div class=\"utility2FooterDiv\">\\n\\","    [ this app was created with\\n\\","    <a href=\"https://github.com/kaizhu256/node-utility2\" target=\"_blank\">utility2</a>\\n\\","    ]\\n\\","</div>\\n\\","</body>\\n\\","</html>\\n\\","';","        /* jslint-ignore-end */","        if (local.templateRender) {","            local.assetsDict['/'] = local.templateRender(","                local.assetsDict['/assets.index.template.html'],","                {","                    env: local.objectSetDefault(local.env, {","                        npm_package_description: 'the greatest app in the world!',","                        npm_package_name: 'my-app',","                        npm_package_nameAlias: 'my_app',","                        npm_package_version: '0.0.1'","                    })","                }","            );","        } else {","            local.assetsDict['/'] = local.assetsDict['/assets.index.template.html']","                .replace((/\\{\\{env\\.(\\w+?)\\}\\}/g), function (match0, match1) {","                    // jslint-hack","                    String(match0);","                    switch (match1) {","                    case 'npm_package_description':","                        return 'the greatest app in the world!';","                    case 'npm_package_name':","                        return 'my-app';","                    case 'npm_package_nameAlias':","                        return 'my_app';","                    case 'npm_package_version':","                        return '0.0.1';","                    }","                });","        }","        // run the cli","        if (local.global.utility2_rollup || module !== require.main) {","            break;","        }","        local.assetsDict['/assets.example.js'] =","            local.assetsDict['/assets.example.js'] ||","            local.fs.readFileSync(__filename, 'utf8');","        // bug-workaround - long $npm_package_buildCustomOrg","        /* jslint-ignore-begin */","        local.assetsDict['/assets.npmtest_react_tagsinput.rollup.js'] =","            local.assetsDict['/assets.npmtest_react_tagsinput.rollup.js'] ||","            local.fs.readFileSync(","                local.npmtest_react_tagsinput.__dirname + '/lib.npmtest_react_tagsinput.js',","                'utf8'","            ).replace((/^#!/), '//');","        /* jslint-ignore-end */","        local.assetsDict['/favicon.ico'] = local.assetsDict['/favicon.ico'] || '';","        // if $npm_config_timeout_exit exists,","        // then exit this process after $npm_config_timeout_exit ms","        if (Number(process.env.npm_config_timeout_exit)) {","            setTimeout(process.exit, Number(process.env.npm_config_timeout_exit));","        }","        // start server","        if (local.global.utility2_serverHttp1) {","            break;","        }","        process.env.PORT = process.env.PORT || '8081';","        console.error('server starting on port ' + process.env.PORT);","        local.http.createServer(function (request, response) {","            request.urlParsed = local.url.parse(request.url);","            if (local.assetsDict[request.urlParsed.pathname] !== undefined) {","                response.end(local.assetsDict[request.urlParsed.pathname]);","                return;","            }","            response.statusCode = 404;","            response.end();","        }).listen(process.env.PORT);","        break;","    }","}());",""],"l":{"26":2,"28":2,"33":2,"35":2,"37":2,"38":2,"39":2,"44":1,"51":2,"55":2,"59":2,"61":2,"69":1,"70":2,"76":2,"79":2,"82":2,"83":2,"85":1,"89":2,"92":1,"93":1,"94":1,"96":1,"97":1,"100":1,"101":1,"103":1,"106":1,"108":2,"114":1,"116":1,"118":1,"123":1,"124":2,"125":2,"126":3,"127":3,"128":3,"129":3,"130":1,"133":3,"134":3,"139":3,"143":1,"144":3,"145":1,"149":1,"150":1,"158":1,"160":1,"161":1,"162":1,"164":1,"166":1,"258":1,"259":1,"271":1,"274":6,"275":6,"277":1,"279":2,"281":1,"283":2,"288":1,"289":1,"291":1,"296":1,"303":1,"306":1,"307":1,"310":1,"311":1,"313":1,"314":1,"315":1,"316":1,"317":1,"318":1,"319":1,"321":1,"322":1,"324":1}},"/home/travis/build/npmtest/node-npmtest-react-tagsinput/node_modules/react-tagsinput/react-tagsinput.js":{"path":"/home/travis/build/npmtest/node-npmtest-react-tagsinput/node_modules/react-tagsinput/react-tagsinput.js","s":{"1":1,"2":1,"3":0,"4":1,"5":1,"6":0,"7":0,"8":0,"9":1,"10":1,"11":1,"12":1,"13":1,"14":0,"15":0,"16":0,"17":0,"18":1,"19":0,"20":0,"21":1,"22":1,"23":1,"24":25,"25":25,"26":25,"27":25,"28":25,"29":25,"30":1,"31":1,"32":1,"33":1,"34":0,"35":1,"36":1,"37":0,"38":0,"39":0,"40":1,"41":1,"42":0,"43":1,"44":1,"45":1,"46":1,"47":0,"48":0,"49":0,"50":0,"51":0,"52":0,"53":1,"54":0,"55":0,"56":0,"57":0,"58":0,"59":0,"60":0,"61":0,"62":1,"63":0,"64":0,"65":0,"66":0,"67":0,"68":1,"69":0,"70":0,"71":0,"72":0,"73":0,"74":1,"75":0,"76":0,"77":0,"78":1,"79":0,"80":0,"81":0,"82":1,"83":0,"84":1,"85":0,"86":0,"87":1,"88":1,"89":1,"90":1,"91":0,"92":0,"93":0,"94":0,"95":0,"96":0,"97":1,"98":0,"99":0,"100":0,"101":0,"102":0,"103":0,"104":0,"105":0,"106":0,"107":0,"108":0,"109":0,"110":0,"111":0,"112":0,"113":0,"114":0,"115":0,"116":0,"117":0,"118":0,"119":0,"120":0,"121":0,"122":0,"123":0,"124":0,"125":0,"126":0,"127":0,"128":0,"129":0,"130":0,"131":0,"132":0,"133":0,"134":0,"135":0,"136":0,"137":0,"138":0,"139":0,"140":0,"141":0,"142":0,"143":0,"144":0,"145":0,"146":0,"147":0,"148":0,"149":0,"150":0,"151":0,"152":0,"153":0,"154":0,"155":0,"156":0,"157":0,"158":0,"159":0,"160":0,"161":0,"162":0,"163":0,"164":0,"165":0,"166":0,"167":0,"168":0,"169":0,"170":0,"171":0,"172":0,"173":0,"174":0,"175":0,"176":0,"177":0,"178":0,"179":0,"180":0,"181":0,"182":0,"183":0,"184":0,"185":0,"186":0,"187":0,"188":0,"189":0,"190":0,"191":0,"192":0,"193":0,"194":0,"195":0,"196":0,"197":0,"198":0,"199":0,"200":0,"201":0,"202":0,"203":0,"204":0,"205":0,"206":0,"207":0,"208":0,"209":0,"210":0,"211":0,"212":0,"213":0,"214":0,"215":0,"216":0,"217":0,"218":0,"219":0,"220":0,"221":0,"222":0,"223":0,"224":0,"225":0,"226":0,"227":0,"228":0,"229":0,"230":0,"231":0,"232":0,"233":0,"234":0,"235":0,"236":0,"237":0,"238":1,"239":1,"240":1,"241":1},"b":{"1":[0,1],"2":[1,0],"3":[1,0],"4":[0,1],"5":[1,1],"6":[0,0],"7":[0,0],"8":[25,25],"9":[25,0],"10":[1,0],"11":[0,1],"12":[0,0],"13":[0,0],"14":[0,0,0],"15":[0,1],"16":[1,0],"17":[1,1],"18":[1,0],"19":[1,0],"20":[1,0],"21":[0,0],"22":[0,0],"23":[0,0],"24":[0,0],"25":[0,0],"26":[0,0],"27":[0,0],"28":[0,0],"29":[0,0],"30":[0,0],"31":[0,0],"32":[0,0],"33":[0,0],"34":[0,0],"35":[0,0],"36":[0,0],"37":[0,0],"38":[0,0],"39":[0,0],"40":[0,0],"41":[0,0],"42":[0,0],"43":[0,0,0],"44":[0,0],"45":[0,0],"46":[0,0],"47":[0,0],"48":[0,0],"49":[0,0],"50":[0,0],"51":[0,0],"52":[0,0],"53":[0,0],"54":[0,0,0],"55":[0,0],"56":[0,0],"57":[0,0],"58":[0,0],"59":[0,0],"60":[0,0],"61":[0,0],"62":[0,0],"63":[0,0,0],"64":[0,0],"65":[0,0],"66":[0,0],"67":[0,0],"68":[0,0]},"f":{"1":1,"2":1,"3":1,"4":0,"5":0,"6":1,"7":1,"8":1,"9":0,"10":1,"11":0,"12":0,"13":0,"14":0,"15":0,"16":0,"17":0,"18":0,"19":0,"20":0,"21":1,"22":0,"23":0,"24":0,"25":0,"26":0,"27":0,"28":0,"29":0,"30":0,"31":0,"32":0,"33":0,"34":0,"35":0,"36":0,"37":0,"38":0,"39":0,"40":0,"41":0,"42":0,"43":0,"44":0,"45":0,"46":0,"47":0,"48":0,"49":0,"50":0,"51":0,"52":0,"53":0,"54":0},"fnMap":{"1":{"name":"(anonymous_1)","line":1,"loc":{"start":{"line":1,"column":1},"end":{"line":1,"column":28}}},"2":{"name":"(anonymous_2)","line":13,"loc":{"start":{"line":13,"column":9},"end":{"line":13,"column":44}}},"3":{"name":"_interopRequireDefault","line":22,"loc":{"start":{"line":22,"column":2},"end":{"line":22,"column":39}}},"4":{"name":"_defineProperty","line":28,"loc":{"start":{"line":28,"column":2},"end":{"line":28,"column":44}}},"5":{"name":"_classCallCheck","line":43,"loc":{"start":{"line":43,"column":2},"end":{"line":43,"column":50}}},"6":{"name":"(anonymous_6)","line":49,"loc":{"start":{"line":49,"column":21},"end":{"line":49,"column":33}}},"7":{"name":"defineProperties","line":50,"loc":{"start":{"line":50,"column":4},"end":{"line":50,"column":45}}},"8":{"name":"(anonymous_8)","line":60,"loc":{"start":{"line":60,"column":11},"end":{"line":60,"column":59}}},"9":{"name":"_possibleConstructorReturn","line":67,"loc":{"start":{"line":67,"column":2},"end":{"line":67,"column":50}}},"10":{"name":"_inherits","line":75,"loc":{"start":{"line":75,"column":2},"end":{"line":75,"column":43}}},"11":{"name":"(anonymous_11)","line":91,"loc":{"start":{"line":91,"column":34},"end":{"line":91,"column":52}}},"12":{"name":"_objectWithoutProperties","line":105,"loc":{"start":{"line":105,"column":2},"end":{"line":105,"column":47}}},"13":{"name":"uniq","line":117,"loc":{"start":{"line":117,"column":2},"end":{"line":117,"column":21}}},"14":{"name":"getClipboardData","line":130,"loc":{"start":{"line":130,"column":2},"end":{"line":130,"column":31}},"skip":true},"15":{"name":"defaultRenderTag","line":142,"loc":{"start":{"line":142,"column":2},"end":{"line":142,"column":35}}},"16":{"name":"onClick","line":155,"loc":{"start":{"line":155,"column":93},"end":{"line":155,"column":113}}},"17":{"name":"defaultRenderInput","line":161,"loc":{"start":{"line":161,"column":2},"end":{"line":161,"column":36}}},"18":{"name":"defaultRenderLayout","line":172,"loc":{"start":{"line":172,"column":2},"end":{"line":172,"column":62}}},"19":{"name":"defaultPasteSplit","line":181,"loc":{"start":{"line":181,"column":2},"end":{"line":181,"column":35}}},"20":{"name":"(anonymous_20)","line":182,"loc":{"start":{"line":182,"column":31},"end":{"line":182,"column":44}}},"21":{"name":"(anonymous_21)","line":192,"loc":{"start":{"line":192,"column":18},"end":{"line":192,"column":46}}},"22":{"name":"TagsInput","line":195,"loc":{"start":{"line":195,"column":4},"end":{"line":195,"column":25}}},"23":{"name":"_getTagDisplayValue","line":208,"loc":{"start":{"line":208,"column":13},"end":{"line":208,"column":47}}},"24":{"name":"_makeTag","line":220,"loc":{"start":{"line":220,"column":13},"end":{"line":220,"column":36}}},"25":{"name":"_removeTag","line":232,"loc":{"start":{"line":232,"column":13},"end":{"line":232,"column":40}}},"26":{"name":"_clearInput","line":241,"loc":{"start":{"line":241,"column":13},"end":{"line":241,"column":36}}},"27":{"name":"_tag","line":250,"loc":{"start":{"line":250,"column":13},"end":{"line":250,"column":29}}},"28":{"name":"_addTags","line":259,"loc":{"start":{"line":259,"column":13},"end":{"line":259,"column":37}}},"29":{"name":"(anonymous_29)","line":273,"loc":{"start":{"line":273,"column":29},"end":{"line":273,"column":44}}},"30":{"name":"(anonymous_30)","line":274,"loc":{"start":{"line":274,"column":31},"end":{"line":274,"column":53}}},"31":{"name":"(anonymous_31)","line":280,"loc":{"start":{"line":280,"column":39},"end":{"line":280,"column":54}}},"32":{"name":"(anonymous_32)","line":283,"loc":{"start":{"line":283,"column":27},"end":{"line":283,"column":42}}},"33":{"name":"(anonymous_33)","line":286,"loc":{"start":{"line":286,"column":27},"end":{"line":286,"column":42}}},"34":{"name":"_shouldPreventDefaultEventOnAdd","line":320,"loc":{"start":{"line":320,"column":13},"end":{"line":320,"column":77}}},"35":{"name":"focus","line":333,"loc":{"start":{"line":333,"column":13},"end":{"line":333,"column":30}}},"36":{"name":"blur","line":342,"loc":{"start":{"line":342,"column":13},"end":{"line":342,"column":29}}},"37":{"name":"accept","line":351,"loc":{"start":{"line":351,"column":13},"end":{"line":351,"column":31}}},"38":{"name":"addTag","line":363,"loc":{"start":{"line":363,"column":13},"end":{"line":363,"column":34}}},"39":{"name":"clearInput","line":368,"loc":{"start":{"line":368,"column":13},"end":{"line":368,"column":35}}},"40":{"name":"handlePaste","line":373,"loc":{"start":{"line":373,"column":13},"end":{"line":373,"column":37}}},"41":{"name":"(anonymous_41)","line":388,"loc":{"start":{"line":388,"column":40},"end":{"line":388,"column":55}}},"42":{"name":"handleKeyDown","line":396,"loc":{"start":{"line":396,"column":13},"end":{"line":396,"column":39}}},"43":{"name":"handleClick","line":426,"loc":{"start":{"line":426,"column":13},"end":{"line":426,"column":37}}},"44":{"name":"handleChange","line":433,"loc":{"start":{"line":433,"column":13},"end":{"line":433,"column":38}}},"45":{"name":"handleOnFocus","line":451,"loc":{"start":{"line":451,"column":13},"end":{"line":451,"column":39}}},"46":{"name":"handleOnBlur","line":463,"loc":{"start":{"line":463,"column":13},"end":{"line":463,"column":38}}},"47":{"name":"handleRemove","line":484,"loc":{"start":{"line":484,"column":13},"end":{"line":484,"column":40}}},"48":{"name":"inputProps","line":489,"loc":{"start":{"line":489,"column":13},"end":{"line":489,"column":35}}},"49":{"name":"inputValue","line":506,"loc":{"start":{"line":506,"column":13},"end":{"line":506,"column":40}}},"50":{"name":"hasControlledInput","line":511,"loc":{"start":{"line":511,"column":13},"end":{"line":511,"column":43}}},"51":{"name":"componentDidMount","line":521,"loc":{"start":{"line":521,"column":13},"end":{"line":521,"column":42}}},"52":{"name":"componentWillReceiveProps","line":532,"loc":{"start":{"line":532,"column":13},"end":{"line":532,"column":59}}},"53":{"name":"render","line":547,"loc":{"start":{"line":547,"column":13},"end":{"line":547,"column":31}}},"54":{"name":"(anonymous_54)","line":581,"loc":{"start":{"line":581,"column":38},"end":{"line":581,"column":60}}}},"statementMap":{"1":{"start":{"line":1,"column":0},"end":{"line":635,"column":3}},"2":{"start":{"line":2,"column":2},"end":{"line":12,"column":3}},"3":{"start":{"line":3,"column":4},"end":{"line":3,"column":70}},"4":{"start":{"line":4,"column":9},"end":{"line":12,"column":3}},"5":{"start":{"line":5,"column":4},"end":{"line":5,"column":47}},"6":{"start":{"line":7,"column":4},"end":{"line":9,"column":6}},"7":{"start":{"line":10,"column":4},"end":{"line":10,"column":44}},"8":{"start":{"line":11,"column":4},"end":{"line":11,"column":40}},"9":{"start":{"line":16,"column":2},"end":{"line":18,"column":5}},"10":{"start":{"line":20,"column":2},"end":{"line":20,"column":47}},"11":{"start":{"line":22,"column":2},"end":{"line":26,"column":3}},"12":{"start":{"line":23,"column":4},"end":{"line":25,"column":6}},"13":{"start":{"line":28,"column":2},"end":{"line":41,"column":3}},"14":{"start":{"line":29,"column":4},"end":{"line":38,"column":5}},"15":{"start":{"line":30,"column":6},"end":{"line":35,"column":9}},"16":{"start":{"line":37,"column":6},"end":{"line":37,"column":23}},"17":{"start":{"line":40,"column":4},"end":{"line":40,"column":15}},"18":{"start":{"line":43,"column":2},"end":{"line":47,"column":3}},"19":{"start":{"line":44,"column":4},"end":{"line":46,"column":5}},"20":{"start":{"line":45,"column":6},"end":{"line":45,"column":63}},"21":{"start":{"line":49,"column":2},"end":{"line":65,"column":6}},"22":{"start":{"line":50,"column":4},"end":{"line":58,"column":5}},"23":{"start":{"line":51,"column":6},"end":{"line":57,"column":7}},"24":{"start":{"line":52,"column":8},"end":{"line":52,"column":34}},"25":{"start":{"line":53,"column":8},"end":{"line":53,"column":63}},"26":{"start":{"line":54,"column":8},"end":{"line":54,"column":39}},"27":{"start":{"line":55,"column":8},"end":{"line":55,"column":62}},"28":{"start":{"line":55,"column":35},"end":{"line":55,"column":62}},"29":{"start":{"line":56,"column":8},"end":{"line":56,"column":66}},"30":{"start":{"line":60,"column":4},"end":{"line":64,"column":6}},"31":{"start":{"line":61,"column":6},"end":{"line":61,"column":74}},"32":{"start":{"line":61,"column":22},"end":{"line":61,"column":74}},"33":{"start":{"line":62,"column":6},"end":{"line":62,"column":66}},"34":{"start":{"line":62,"column":23},"end":{"line":62,"column":66}},"35":{"start":{"line":63,"column":6},"end":{"line":63,"column":25}},"36":{"start":{"line":67,"column":2},"end":{"line":73,"column":3}},"37":{"start":{"line":68,"column":4},"end":{"line":70,"column":5}},"38":{"start":{"line":69,"column":6},"end":{"line":69,"column":92}},"39":{"start":{"line":72,"column":4},"end":{"line":72,"column":90}},"40":{"start":{"line":75,"column":2},"end":{"line":89,"column":3}},"41":{"start":{"line":76,"column":4},"end":{"line":78,"column":5}},"42":{"start":{"line":77,"column":6},"end":{"line":77,"column":106}},"43":{"start":{"line":80,"column":4},"end":{"line":87,"column":7}},"44":{"start":{"line":88,"column":4},"end":{"line":88,"column":122}},"45":{"start":{"line":88,"column":20},"end":{"line":88,"column":122}},"46":{"start":{"line":91,"column":2},"end":{"line":103,"column":4}},"47":{"start":{"line":92,"column":4},"end":{"line":100,"column":5}},"48":{"start":{"line":93,"column":6},"end":{"line":93,"column":32}},"49":{"start":{"line":95,"column":6},"end":{"line":99,"column":7}},"50":{"start":{"line":96,"column":8},"end":{"line":98,"column":9}},"51":{"start":{"line":97,"column":10},"end":{"line":97,"column":36}},"52":{"start":{"line":102,"column":4},"end":{"line":102,"column":18}},"53":{"start":{"line":105,"column":2},"end":{"line":115,"column":3}},"54":{"start":{"line":106,"column":4},"end":{"line":106,"column":20}},"55":{"start":{"line":108,"column":4},"end":{"line":112,"column":5}},"56":{"start":{"line":109,"column":6},"end":{"line":109,"column":41}},"57":{"start":{"line":109,"column":32},"end":{"line":109,"column":41}},"58":{"start":{"line":110,"column":6},"end":{"line":110,"column":66}},"59":{"start":{"line":110,"column":57},"end":{"line":110,"column":66}},"60":{"start":{"line":111,"column":6},"end":{"line":111,"column":25}},"61":{"start":{"line":114,"column":4},"end":{"line":114,"column":18}},"62":{"start":{"line":117,"column":2},"end":{"line":127,"column":3}},"63":{"start":{"line":118,"column":4},"end":{"line":118,"column":17}},"64":{"start":{"line":120,"column":4},"end":{"line":124,"column":5}},"65":{"start":{"line":121,"column":6},"end":{"line":123,"column":7}},"66":{"start":{"line":122,"column":8},"end":{"line":122,"column":25}},"67":{"start":{"line":126,"column":4},"end":{"line":126,"column":15}},"68":{"start":{"line":130,"column":2},"end":{"line":140,"column":3},"skip":true},"69":{"start":{"line":131,"column":4},"end":{"line":133,"column":5},"skip":true},"70":{"start":{"line":132,"column":6},"end":{"line":132,"column":50},"skip":true},"71":{"start":{"line":135,"column":4},"end":{"line":137,"column":5},"skip":true},"72":{"start":{"line":136,"column":6},"end":{"line":136,"column":51},"skip":true},"73":{"start":{"line":139,"column":4},"end":{"line":139,"column":14},"skip":true},"74":{"start":{"line":142,"column":2},"end":{"line":159,"column":3}},"75":{"start":{"line":143,"column":4},"end":{"line":149,"column":129}},"76":{"start":{"line":151,"column":4},"end":{"line":158,"column":6}},"77":{"start":{"line":156,"column":10},"end":{"line":156,"column":31}},"78":{"start":{"line":161,"column":2},"end":{"line":170,"column":3}},"79":{"start":{"line":162,"column":4},"end":{"line":163,"column":59}},"80":{"start":{"line":165,"column":4},"end":{"line":167,"column":71}},"81":{"start":{"line":169,"column":4},"end":{"line":169,"column":119}},"82":{"start":{"line":172,"column":2},"end":{"line":179,"column":3}},"83":{"start":{"line":173,"column":4},"end":{"line":178,"column":6}},"84":{"start":{"line":181,"column":2},"end":{"line":185,"column":3}},"85":{"start":{"line":182,"column":4},"end":{"line":184,"column":7}},"86":{"start":{"line":183,"column":6},"end":{"line":183,"column":22}},"87":{"start":{"line":187,"column":2},"end":{"line":190,"column":4}},"88":{"start":{"line":192,"column":2},"end":{"line":611,"column":31}},"89":{"start":{"line":193,"column":4},"end":{"line":193,"column":43}},"90":{"start":{"line":195,"column":4},"end":{"line":204,"column":5}},"91":{"start":{"line":196,"column":6},"end":{"line":196,"column":39}},"92":{"start":{"line":198,"column":6},"end":{"line":198,"column":121}},"93":{"start":{"line":200,"column":6},"end":{"line":200,"column":50}},"94":{"start":{"line":201,"column":6},"end":{"line":201,"column":44}},"95":{"start":{"line":202,"column":6},"end":{"line":202,"column":42}},"96":{"start":{"line":203,"column":6},"end":{"line":203,"column":19}},"97":{"start":{"line":206,"column":4},"end":{"line":608,"column":8}},"98":{"start":{"line":209,"column":8},"end":{"line":209,"column":55}},"99":{"start":{"line":212,"column":8},"end":{"line":214,"column":9}},"100":{"start":{"line":213,"column":10},"end":{"line":213,"column":37}},"101":{"start":{"line":216,"column":8},"end":{"line":216,"column":19}},"102":{"start":{"line":221,"column":8},"end":{"line":221,"column":55}},"103":{"start":{"line":224,"column":8},"end":{"line":226,"column":9}},"104":{"start":{"line":225,"column":10},"end":{"line":225,"column":58}},"105":{"start":{"line":228,"column":8},"end":{"line":228,"column":19}},"106":{"start":{"line":233,"column":8},"end":{"line":233,"column":48}},"107":{"start":{"line":234,"column":8},"end":{"line":237,"column":9}},"108":{"start":{"line":235,"column":10},"end":{"line":235,"column":47}},"109":{"start":{"line":236,"column":10},"end":{"line":236,"column":55}},"110":{"start":{"line":242,"column":8},"end":{"line":246,"column":9}},"111":{"start":{"line":243,"column":10},"end":{"line":243,"column":39}},"112":{"start":{"line":245,"column":10},"end":{"line":245,"column":37}},"113":{"start":{"line":251,"column":8},"end":{"line":253,"column":9}},"114":{"start":{"line":252,"column":10},"end":{"line":252,"column":39}},"115":{"start":{"line":255,"column":8},"end":{"line":255,"column":30}},"116":{"start":{"line":260,"column":8},"end":{"line":260,"column":26}},"117":{"start":{"line":262,"column":8},"end":{"line":268,"column":33}},"118":{"start":{"line":271,"column":8},"end":{"line":278,"column":9}},"119":{"start":{"line":272,"column":10},"end":{"line":272,"column":28}},"120":{"start":{"line":273,"column":10},"end":{"line":277,"column":13}},"121":{"start":{"line":274,"column":12},"end":{"line":276,"column":15}},"122":{"start":{"line":275,"column":14},"end":{"line":275,"column":96}},"123":{"start":{"line":280,"column":8},"end":{"line":282,"column":11}},"124":{"start":{"line":281,"column":10},"end":{"line":281,"column":72}},"125":{"start":{"line":283,"column":8},"end":{"line":285,"column":11}},"126":{"start":{"line":284,"column":10},"end":{"line":284,"column":71}},"127":{"start":{"line":286,"column":8},"end":{"line":293,"column":11}},"128":{"start":{"line":287,"column":10},"end":{"line":287,"column":64}},"129":{"start":{"line":288,"column":10},"end":{"line":292,"column":11}},"130":{"start":{"line":289,"column":12},"end":{"line":289,"column":53}},"131":{"start":{"line":291,"column":12},"end":{"line":291,"column":35}},"132":{"start":{"line":295,"column":8},"end":{"line":298,"column":9}},"133":{"start":{"line":296,"column":10},"end":{"line":296,"column":67}},"134":{"start":{"line":297,"column":10},"end":{"line":297,"column":47}},"135":{"start":{"line":300,"column":8},"end":{"line":302,"column":9}},"136":{"start":{"line":301,"column":10},"end":{"line":301,"column":43}},"137":{"start":{"line":304,"column":8},"end":{"line":313,"column":9}},"138":{"start":{"line":305,"column":10},"end":{"line":305,"column":44}},"139":{"start":{"line":306,"column":10},"end":{"line":306,"column":27}},"140":{"start":{"line":307,"column":10},"end":{"line":309,"column":11}},"141":{"start":{"line":308,"column":12},"end":{"line":308,"column":43}},"142":{"start":{"line":310,"column":10},"end":{"line":310,"column":44}},"143":{"start":{"line":311,"column":10},"end":{"line":311,"column":29}},"144":{"start":{"line":312,"column":10},"end":{"line":312,"column":22}},"145":{"start":{"line":315,"column":8},"end":{"line":315,"column":27}},"146":{"start":{"line":316,"column":8},"end":{"line":316,"column":21}},"147":{"start":{"line":321,"column":8},"end":{"line":323,"column":9}},"148":{"start":{"line":322,"column":10},"end":{"line":322,"column":22}},"149":{"start":{"line":325,"column":8},"end":{"line":327,"column":9}},"150":{"start":{"line":326,"column":10},"end":{"line":326,"column":81}},"151":{"start":{"line":329,"column":8},"end":{"line":329,"column":21}},"152":{"start":{"line":334,"column":8},"end":{"line":336,"column":9}},"153":{"start":{"line":335,"column":10},"end":{"line":335,"column":34}},"154":{"start":{"line":338,"column":8},"end":{"line":338,"column":29}},"155":{"start":{"line":343,"column":8},"end":{"line":345,"column":9}},"156":{"start":{"line":344,"column":10},"end":{"line":344,"column":33}},"157":{"start":{"line":347,"column":8},"end":{"line":347,"column":28}},"158":{"start":{"line":352,"column":8},"end":{"line":352,"column":30}},"159":{"start":{"line":354,"column":8},"end":{"line":357,"column":9}},"160":{"start":{"line":355,"column":10},"end":{"line":355,"column":35}},"161":{"start":{"line":356,"column":10},"end":{"line":356,"column":38}},"162":{"start":{"line":359,"column":8},"end":{"line":359,"column":21}},"163":{"start":{"line":364,"column":8},"end":{"line":364,"column":36}},"164":{"start":{"line":369,"column":8},"end":{"line":369,"column":27}},"165":{"start":{"line":374,"column":8},"end":{"line":374,"column":26}},"166":{"start":{"line":376,"column":8},"end":{"line":378,"column":44}},"167":{"start":{"line":381,"column":8},"end":{"line":383,"column":9}},"168":{"start":{"line":382,"column":10},"end":{"line":382,"column":17}},"169":{"start":{"line":385,"column":8},"end":{"line":385,"column":27}},"170":{"start":{"line":387,"column":8},"end":{"line":387,"column":39}},"171":{"start":{"line":388,"column":8},"end":{"line":390,"column":11}},"172":{"start":{"line":389,"column":10},"end":{"line":389,"column":38}},"173":{"start":{"line":392,"column":8},"end":{"line":392,"column":28}},"174":{"start":{"line":397,"column":8},"end":{"line":399,"column":9}},"175":{"start":{"line":398,"column":10},"end":{"line":398,"column":17}},"176":{"start":{"line":401,"column":8},"end":{"line":404,"column":38}},"177":{"start":{"line":406,"column":8},"end":{"line":406,"column":30}},"178":{"start":{"line":407,"column":8},"end":{"line":407,"column":31}},"179":{"start":{"line":408,"column":8},"end":{"line":408,"column":32}},"180":{"start":{"line":409,"column":8},"end":{"line":409,"column":50}},"181":{"start":{"line":410,"column":8},"end":{"line":410,"column":56}},"182":{"start":{"line":412,"column":8},"end":{"line":417,"column":9}},"183":{"start":{"line":413,"column":10},"end":{"line":413,"column":36}},"184":{"start":{"line":414,"column":10},"end":{"line":416,"column":11}},"185":{"start":{"line":415,"column":12},"end":{"line":415,"column":31}},"186":{"start":{"line":419,"column":8},"end":{"line":422,"column":9}},"187":{"start":{"line":420,"column":10},"end":{"line":420,"column":29}},"188":{"start":{"line":421,"column":10},"end":{"line":421,"column":44}},"189":{"start":{"line":427,"column":8},"end":{"line":429,"column":9}},"190":{"start":{"line":428,"column":10},"end":{"line":428,"column":23}},"191":{"start":{"line":434,"column":8},"end":{"line":434,"column":53}},"192":{"start":{"line":435,"column":8},"end":{"line":435,"column":54}},"193":{"start":{"line":437,"column":8},"end":{"line":437,"column":33}},"194":{"start":{"line":439,"column":8},"end":{"line":441,"column":9}},"195":{"start":{"line":440,"column":10},"end":{"line":440,"column":22}},"196":{"start":{"line":443,"column":8},"end":{"line":447,"column":9}},"197":{"start":{"line":444,"column":10},"end":{"line":444,"column":29}},"198":{"start":{"line":446,"column":10},"end":{"line":446,"column":38}},"199":{"start":{"line":452,"column":8},"end":{"line":452,"column":52}},"200":{"start":{"line":455,"column":8},"end":{"line":457,"column":9}},"201":{"start":{"line":456,"column":10},"end":{"line":456,"column":21}},"202":{"start":{"line":459,"column":8},"end":{"line":459,"column":43}},"203":{"start":{"line":464,"column":8},"end":{"line":464,"column":50}},"204":{"start":{"line":467,"column":8},"end":{"line":467,"column":44}},"205":{"start":{"line":469,"column":8},"end":{"line":471,"column":9}},"206":{"start":{"line":470,"column":10},"end":{"line":470,"column":17}},"207":{"start":{"line":473,"column":8},"end":{"line":475,"column":9}},"208":{"start":{"line":474,"column":10},"end":{"line":474,"column":20}},"209":{"start":{"line":477,"column":8},"end":{"line":480,"column":9}},"210":{"start":{"line":478,"column":10},"end":{"line":478,"column":50}},"211":{"start":{"line":479,"column":10},"end":{"line":479,"column":31}},"212":{"start":{"line":485,"column":8},"end":{"line":485,"column":29}},"213":{"start":{"line":490,"column":8},"end":{"line":494,"column":109}},"214":{"start":{"line":496,"column":8},"end":{"line":496,"column":69}},"215":{"start":{"line":498,"column":8},"end":{"line":500,"column":9}},"216":{"start":{"line":499,"column":10},"end":{"line":499,"column":32}},"217":{"start":{"line":502,"column":8},"end":{"line":502,"column":21}},"218":{"start":{"line":507,"column":8},"end":{"line":507,"column":60}},"219":{"start":{"line":512,"column":8},"end":{"line":514,"column":50}},"220":{"start":{"line":517,"column":8},"end":{"line":517,"column":85}},"221":{"start":{"line":522,"column":8},"end":{"line":524,"column":9}},"222":{"start":{"line":523,"column":10},"end":{"line":523,"column":17}},"223":{"start":{"line":526,"column":8},"end":{"line":528,"column":11}},"224":{"start":{"line":533,"column":8},"end":{"line":535,"column":9}},"225":{"start":{"line":534,"column":10},"end":{"line":534,"column":17}},"226":{"start":{"line":537,"column":8},"end":{"line":539,"column":9}},"227":{"start":{"line":538,"column":10},"end":{"line":538,"column":17}},"228":{"start":{"line":541,"column":8},"end":{"line":543,"column":11}},"229":{"start":{"line":548,"column":8},"end":{"line":548,"column":26}},"230":{"start":{"line":550,"column":8},"end":{"line":572,"column":351}},"231":{"start":{"line":574,"column":8},"end":{"line":574,"column":45}},"232":{"start":{"line":577,"column":8},"end":{"line":579,"column":9}},"233":{"start":{"line":578,"column":10},"end":{"line":578,"column":46}},"234":{"start":{"line":581,"column":8},"end":{"line":589,"column":11}},"235":{"start":{"line":582,"column":10},"end":{"line":588,"column":24}},"236":{"start":{"line":591,"column":8},"end":{"line":600,"column":31}},"237":{"start":{"line":602,"column":8},"end":{"line":606,"column":10}},"238":{"start":{"line":610,"column":4},"end":{"line":610,"column":21}},"239":{"start":{"line":613,"column":2},"end":{"line":632,"column":4}},"240":{"start":{"line":633,"column":2},"end":{"line":633,"column":30}},"241":{"start":{"line":634,"column":2},"end":{"line":634,"column":38}}},"branchMap":{"1":{"line":2,"type":"if","locations":[{"start":{"line":2,"column":2},"end":{"line":2,"column":2}},{"start":{"line":2,"column":2},"end":{"line":2,"column":2}}]},"2":{"line":2,"type":"binary-expr","locations":[{"start":{"line":2,"column":6},"end":{"line":2,"column":34}},{"start":{"line":2,"column":38},"end":{"line":2,"column":48}}]},"3":{"line":4,"type":"if","locations":[{"start":{"line":4,"column":9},"end":{"line":4,"column":9}},{"start":{"line":4,"column":9},"end":{"line":4,"column":9}}]},"4":{"line":23,"type":"cond-expr","locations":[{"start":{"line":23,"column":35},"end":{"line":23,"column":38}},{"start":{"line":23,"column":41},"end":{"line":25,"column":5}}]},"5":{"line":23,"type":"binary-expr","locations":[{"start":{"line":23,"column":11},"end":{"line":23,"column":14}},{"start":{"line":23,"column":18},"end":{"line":23,"column":32}}]},"6":{"line":29,"type":"if","locations":[{"start":{"line":29,"column":4},"end":{"line":29,"column":4}},{"start":{"line":29,"column":4},"end":{"line":29,"column":4}}]},"7":{"line":44,"type":"if","locations":[{"start":{"line":44,"column":4},"end":{"line":44,"column":4}},{"start":{"line":44,"column":4},"end":{"line":44,"column":4}}]},"8":{"line":53,"type":"binary-expr","locations":[{"start":{"line":53,"column":32},"end":{"line":53,"column":53}},{"start":{"line":53,"column":57},"end":{"line":53,"column":62}}]},"9":{"line":55,"type":"if","locations":[{"start":{"line":55,"column":8},"end":{"line":55,"column":8}},{"start":{"line":55,"column":8},"end":{"line":55,"column":8}}]},"10":{"line":61,"type":"if","locations":[{"start":{"line":61,"column":6},"end":{"line":61,"column":6}},{"start":{"line":61,"column":6},"end":{"line":61,"column":6}}]},"11":{"line":62,"type":"if","locations":[{"start":{"line":62,"column":6},"end":{"line":62,"column":6}},{"start":{"line":62,"column":6},"end":{"line":62,"column":6}}]},"12":{"line":68,"type":"if","locations":[{"start":{"line":68,"column":4},"end":{"line":68,"column":4}},{"start":{"line":68,"column":4},"end":{"line":68,"column":4}}]},"13":{"line":72,"type":"cond-expr","locations":[{"start":{"line":72,"column":78},"end":{"line":72,"column":82}},{"start":{"line":72,"column":85},"end":{"line":72,"column":89}}]},"14":{"line":72,"type":"binary-expr","locations":[{"start":{"line":72,"column":11},"end":{"line":72,"column":15}},{"start":{"line":72,"column":20},"end":{"line":72,"column":44}},{"start":{"line":72,"column":48},"end":{"line":72,"column":74}}]},"15":{"line":76,"type":"if","locations":[{"start":{"line":76,"column":4},"end":{"line":76,"column":4}},{"start":{"line":76,"column":4},"end":{"line":76,"column":4}}]},"16":{"line":76,"type":"binary-expr","locations":[{"start":{"line":76,"column":8},"end":{"line":76,"column":40}},{"start":{"line":76,"column":44},"end":{"line":76,"column":63}}]},"17":{"line":80,"type":"binary-expr","locations":[{"start":{"line":80,"column":39},"end":{"line":80,"column":49}},{"start":{"line":80,"column":53},"end":{"line":80,"column":73}}]},"18":{"line":88,"type":"if","locations":[{"start":{"line":88,"column":4},"end":{"line":88,"column":4}},{"start":{"line":88,"column":4},"end":{"line":88,"column":4}}]},"19":{"line":88,"type":"cond-expr","locations":[{"start":{"line":88,"column":44},"end":{"line":88,"column":87}},{"start":{"line":88,"column":90},"end":{"line":88,"column":121}}]},"20":{"line":91,"type":"binary-expr","locations":[{"start":{"line":91,"column":17},"end":{"line":91,"column":30}},{"start":{"line":91,"column":34},"end":{"line":103,"column":3}}]},"21":{"line":96,"type":"if","locations":[{"start":{"line":96,"column":8}
[...]
ctor)) {","      throw new TypeError(\"Cannot call a class as a function\");","    }","  }","","  var _createClass = function () {","    function defineProperties(target, props) {","      for (var i = 0; i < props.length; i++) {","        var descriptor = props[i];","        descriptor.enumerable = descriptor.enumerable || false;","        descriptor.configurable = true;","        if (\"value\" in descriptor) descriptor.writable = true;","        Object.defineProperty(target, descriptor.key, descriptor);","      }","    }","","    return function (Constructor, protoProps, staticProps) {","      if (protoProps) defineProperties(Constructor.prototype, protoProps);","      if (staticProps) defineProperties(Constructor, staticProps);","      return Constructor;","    };","  }();","","  function _possibleConstructorReturn(self, call) {","    if (!self) {","      throw new ReferenceError(\"this hasn't been initialised - super() hasn't been called\");","    }","","    return call && (typeof call === \"object\" || typeof call === \"function\") ? call : self;","  }","","  function _inherits(subClass, superClass) {","    if (typeof superClass !== \"function\" && superClass !== null) {","      throw new TypeError(\"Super expression must either be null or a function, not \" + typeof superClass);","    }","","    subClass.prototype = Object.create(superClass && superClass.prototype, {","      constructor: {","        value: subClass,","        enumerable: false,","        writable: true,","        configurable: true","      }","    });","    if (superClass) Object.setPrototypeOf ? Object.setPrototypeOf(subClass, superClass) : subClass.__proto__ = superClass;","  }","","  var _extends = Object.assign || function (target) {","    for (var i = 1; i < arguments.length; i++) {","      var source = arguments[i];","","      for (var key in source) {","        if (Object.prototype.hasOwnProperty.call(source, key)) {","          target[key] = source[key];","        }","      }","    }","","    return target;","  };","","  function _objectWithoutProperties(obj, keys) {","    var target = {};","","    for (var i in obj) {","      if (keys.indexOf(i) >= 0) continue;","      if (!Object.prototype.hasOwnProperty.call(obj, i)) continue;","      target[i] = obj[i];","    }","","    return target;","  }","","  function uniq(arr) {","    var out = [];","","    for (var i = 0; i < arr.length; i++) {","      if (out.indexOf(arr[i]) === -1) {","        out.push(arr[i]);","      }","    }","","    return out;","  }","","  /* istanbul ignore next */","  function getClipboardData(e) {","    if (window.clipboardData) {","      return window.clipboardData.getData('Text');","    }","","    if (e.clipboardData) {","      return e.clipboardData.getData('text/plain');","    }","","    return '';","  }","","  function defaultRenderTag(props) {","    var tag = props.tag,","        key = props.key,","        disabled = props.disabled,","        onRemove = props.onRemove,","        classNameRemove = props.classNameRemove,","        getTagDisplayValue = props.getTagDisplayValue,","        other = _objectWithoutProperties(props, ['tag', 'key', 'disabled', 'onRemove', 'classNameRemove', 'getTagDisplayValue']);","","    return _react2.default.createElement(","      'span',","      _extends({ key: key }, other),","      getTagDisplayValue(tag),","      !disabled && _react2.default.createElement('a', { className: classNameRemove, onClick: function onClick(e) {","          return onRemove(key);","        } })","    );","  }","","  function defaultRenderInput(_ref) {","    var addTag = _ref.addTag,","        props = _objectWithoutProperties(_ref, ['addTag']);","","    var onChange = props.onChange,","        value = props.value,","        other = _objectWithoutProperties(props, ['onChange', 'value']);","","    return _react2.default.createElement('input', _extends({ type: 'text', onChange: onChange, value: value }, other));","  }","","  function defaultRenderLayout(tagComponents, inputComponent) {","    return _react2.default.createElement(","      'span',","      null,","      tagComponents,","      inputComponent","    );","  }","","  function defaultPasteSplit(data) {","    return data.split(' ').map(function (d) {","      return d.trim();","    });","  }","","  var defaultInputProps = {","    className: 'react-tagsinput-input',","    placeholder: 'Add a tag'","  };","","  var TagsInput = function (_React$Component) {","    _inherits(TagsInput, _React$Component);","","    function TagsInput() {","      _classCallCheck(this, TagsInput);","","      var _this = _possibleConstructorReturn(this, (TagsInput.__proto__ || Object.getPrototypeOf(TagsInput)).call(this));","","      _this.state = { tag: '', isFocused: false };","      _this.focus = _this.focus.bind(_this);","      _this.blur = _this.blur.bind(_this);","      return _this;","    }","","    _createClass(TagsInput, [{","      key: '_getTagDisplayValue',","      value: function _getTagDisplayValue(tag) {","        var tagDisplayProp = this.props.tagDisplayProp;","","","        if (tagDisplayProp) {","          return tag[tagDisplayProp];","        }","","        return tag;","      }","    }, {","      key: '_makeTag',","      value: function _makeTag(tag) {","        var tagDisplayProp = this.props.tagDisplayProp;","","","        if (tagDisplayProp) {","          return _defineProperty({}, tagDisplayProp, tag);","        }","","        return tag;","      }","    }, {","      key: '_removeTag',","      value: function _removeTag(index) {","        var value = this.props.value.concat([]);","        if (index > -1 && index < value.length) {","          var changed = value.splice(index, 1);","          this.props.onChange(value, changed, [index]);","        }","      }","    }, {","      key: '_clearInput',","      value: function _clearInput() {","        if (this.hasControlledInput()) {","          this.props.onChangeInput('');","        } else {","          this.setState({ tag: '' });","        }","      }","    }, {","      key: '_tag',","      value: function _tag() {","        if (this.hasControlledInput()) {","          return this.props.inputValue;","        }","","        return this.state.tag;","      }","    }, {","      key: '_addTags',","      value: function _addTags(tags) {","        var _this2 = this;","","        var _props = this.props,","            validationRegex = _props.validationRegex,","            onChange = _props.onChange,","            onValidationReject = _props.onValidationReject,","            onlyUnique = _props.onlyUnique,","            maxTags = _props.maxTags,","            value = _props.value;","","","        if (onlyUnique) {","          tags = uniq(tags);","          tags = tags.filter(function (tag) {","            return value.every(function (currentTag) {","              return _this2._getTagDisplayValue(currentTag) !== _this2._getTagDisplayValue(tag);","            });","          });","        }","","        var rejectedTags = tags.filter(function (tag) {","          return !validationRegex.test(_this2._getTagDisplayValue(tag));","        });","        tags = tags.filter(function (tag) {","          return validationRegex.test(_this2._getTagDisplayValue(tag));","        });","        tags = tags.filter(function (tag) {","          var tagDisplayValue = _this2._getTagDisplayValue(tag);","          if (typeof tagDisplayValue.trim === 'function') {","            return tagDisplayValue.trim().length > 0;","          } else {","            return tagDisplayValue;","          }","        });","","        if (maxTags >= 0) {","          var remainingLimit = Math.max(maxTags - value.length, 0);","          tags = tags.slice(0, remainingLimit);","        }","","        if (onValidationReject && rejectedTags.length > 0) {","          onValidationReject(rejectedTags);","        }","","        if (tags.length > 0) {","          var newValue = value.concat(tags);","          var indexes = [];","          for (var i = 0; i < tags.length; i++) {","            indexes.push(value.length + i);","          }","          onChange(newValue, tags, indexes);","          this._clearInput();","          return true;","        }","","        this._clearInput();","        return false;","      }","    }, {","      key: '_shouldPreventDefaultEventOnAdd',","      value: function _shouldPreventDefaultEventOnAdd(added, empty, keyCode) {","        if (added) {","          return true;","        }","","        if (keyCode === 13) {","          return this.props.preventSubmit || !this.props.preventSubmit && !empty;","        }","","        return false;","      }","    }, {","      key: 'focus',","      value: function focus() {","        if (this.refs.input && typeof this.refs.input.focus === 'function') {","          this.refs.input.focus();","        }","","        this.handleOnFocus();","      }","    }, {","      key: 'blur',","      value: function blur() {","        if (this.refs.input && typeof this.refs.input.blur === 'function') {","          this.refs.input.blur();","        }","","        this.handleOnBlur();","      }","    }, {","      key: 'accept',","      value: function accept() {","        var tag = this._tag();","","        if (tag !== '') {","          tag = this._makeTag(tag);","          return this._addTags([tag]);","        }","","        return false;","      }","    }, {","      key: 'addTag',","      value: function addTag(tag) {","        return this._addTags([tag]);","      }","    }, {","      key: 'clearInput',","      value: function clearInput() {","        this._clearInput();","      }","    }, {","      key: 'handlePaste',","      value: function handlePaste(e) {","        var _this3 = this;","","        var _props2 = this.props,","            addOnPaste = _props2.addOnPaste,","            pasteSplit = _props2.pasteSplit;","","","        if (!addOnPaste) {","          return;","        }","","        e.preventDefault();","","        var data = getClipboardData(e);","        var tags = pasteSplit(data).map(function (tag) {","          return _this3._makeTag(tag);","        });","","        this._addTags(tags);","      }","    }, {","      key: 'handleKeyDown',","      value: function handleKeyDown(e) {","        if (e.defaultPrevented) {","          return;","        }","","        var _props3 = this.props,","            value = _props3.value,","            removeKeys = _props3.removeKeys,","            addKeys = _props3.addKeys;","","        var tag = this._tag();","        var empty = tag === '';","        var keyCode = e.keyCode;","        var add = addKeys.indexOf(keyCode) !== -1;","        var remove = removeKeys.indexOf(keyCode) !== -1;","","        if (add) {","          var added = this.accept();","          if (this._shouldPreventDefaultEventOnAdd(added, empty, keyCode)) {","            e.preventDefault();","          }","        }","","        if (remove && value.length > 0 && empty) {","          e.preventDefault();","          this._removeTag(value.length - 1);","        }","      }","    }, {","      key: 'handleClick',","      value: function handleClick(e) {","        if (e.target === this.refs.div) {","          this.focus();","        }","      }","    }, {","      key: 'handleChange',","      value: function handleChange(e) {","        var onChangeInput = this.props.onChangeInput;","        var onChange = this.props.inputProps.onChange;","","        var tag = e.target.value;","","        if (onChange) {","          onChange(e);","        }","","        if (this.hasControlledInput()) {","          onChangeInput(tag);","        } else {","          this.setState({ tag: tag });","        }","      }","    }, {","      key: 'handleOnFocus',","      value: function handleOnFocus(e) {","        var onFocus = this.props.inputProps.onFocus;","","","        if (onFocus) {","          onFocus(e);","        }","","        this.setState({ isFocused: true });","      }","    }, {","      key: 'handleOnBlur',","      value: function handleOnBlur(e) {","        var onBlur = this.props.inputProps.onBlur;","","","        this.setState({ isFocused: false });","","        if (e == null) {","          return;","        }","","        if (onBlur) {","          onBlur(e);","        }","","        if (this.props.addOnBlur) {","          var tag = this._makeTag(e.target.value);","          this._addTags([tag]);","        }","      }","    }, {","      key: 'handleRemove',","      value: function handleRemove(tag) {","        this._removeTag(tag);","      }","    }, {","      key: 'inputProps',","      value: function inputProps() {","        var _props$inputProps = this.props.inputProps,","            onChange = _props$inputProps.onChange,","            onFocus = _props$inputProps.onFocus,","            onBlur = _props$inputProps.onBlur,","            otherInputProps = _objectWithoutProperties(_props$inputProps, ['onChange', 'onFocus', 'onBlur']);","","        var props = _extends({}, defaultInputProps, otherInputProps);","","        if (this.props.disabled) {","          props.disabled = true;","        }","","        return props;","      }","    }, {","      key: 'inputValue',","      value: function inputValue(props) {","        return props.currentValue || props.inputValue || '';","      }","    }, {","      key: 'hasControlledInput',","      value: function hasControlledInput() {","        var _props4 = this.props,","            inputValue = _props4.inputValue,","            onChangeInput = _props4.onChangeInput;","","","        return typeof onChangeInput === 'function' && typeof inputValue === 'string';","      }","    }, {","      key: 'componentDidMount',","      value: function componentDidMount() {","        if (this.hasControlledInput()) {","          return;","        }","","        this.setState({","          tag: this.inputValue(this.props)","        });","      }","    }, {","      key: 'componentWillReceiveProps',","      value: function componentWillReceiveProps(nextProps) {","        if (this.hasControlledInput()) {","          return;","        }","","        if (!this.inputValue(nextProps)) {","          return;","        }","","        this.setState({","          tag: this.inputValue(nextProps)","        });","      }","    }, {","      key: 'render',","      value: function render() {","        var _this4 = this;","","        var _props5 = this.props,","            value = _props5.value,","            onChange = _props5.onChange,","            tagProps = _props5.tagProps,","            renderLayout = _props5.renderLayout,","            renderTag = _props5.renderTag,","            renderInput = _props5.renderInput,","            addKeys = _props5.addKeys,","            removeKeys = _props5.removeKeys,","            className = _props5.className,","            focusedClassName = _props5.focusedClassName,","            addOnBlur = _props5.addOnBlur,","            addOnPaste = _props5.addOnPaste,","            inputProps = _props5.inputProps,","            pasteSplit = _props5.pasteSplit,","            onlyUnique = _props5.onlyUnique,","            maxTags = _props5.maxTags,","            validationRegex = _props5.validationRegex,","            disabled = _props5.disabled,","            tagDisplayProp = _props5.tagDisplayProp,","            inputValue = _props5.inputValue,","            onChangeInput = _props5.onChangeInput,","            other = _objectWithoutProperties(_props5, ['value', 'onChange', 'tagProps', 'renderLayout', 'renderTag', 'renderInput', 'addKeys', 'removeKeys', 'className', 'focusedClassName', 'addOnBlur', 'addOnPaste', 'inputProps', 'pasteSplit', 'onlyUnique', 'maxTags', 'validationRegex', 'disabled', 'tagDisplayProp', 'inputValue', 'onChangeInput']);","","        var isFocused = this.state.isFocused;","","","        if (isFocused) {","          className += ' ' + focusedClassName;","        }","","        var tagComponents = value.map(function (tag, index) {","          return renderTag(_extends({","            key: index,","            tag: tag,","            onRemove: _this4.handleRemove.bind(_this4),","            disabled: disabled,","            getTagDisplayValue: _this4._getTagDisplayValue.bind(_this4)","          }, tagProps));","        });","","        var inputComponent = renderInput(_extends({","          ref: 'input',","          value: this._tag(),","          onPaste: this.handlePaste.bind(this),","          onKeyDown: this.handleKeyDown.bind(this),","          onChange: this.handleChange.bind(this),","          onFocus: this.handleOnFocus.bind(this),","          onBlur: this.handleOnBlur.bind(this),","          addTag: this.addTag.bind(this)","        }, this.inputProps()));","","        return _react2.default.createElement(","          'div',","          { ref: 'div', onClick: this.handleClick.bind(this), className: className },","          renderLayout(tagComponents, inputComponent)","        );","      }","    }]);","","    return TagsInput;","  }(_react2.default.Component);","","  TagsInput.defaultProps = {","    className: 'react-tagsinput',","    focusedClassName: 'react-tagsinput--focused',","    addKeys: [9, 13],","    addOnBlur: false,","    addOnPaste: false,","    inputProps: {},","    removeKeys: [8],","    renderInput: defaultRenderInput,","    renderTag: defaultRenderTag,","    renderLayout: defaultRenderLayout,","    pasteSplit: defaultPasteSplit,","    tagProps: { className: 'react-tagsinput-tag', classNameRemove: 'react-tagsinput-remove' },","    onlyUnique: false,","    maxTags: -1,","    validationRegex: /.*/,","    disabled: false,","    tagDisplayProp: null,","    preventSubmit: true","  };","  exports.default = TagsInput;","  module.exports = exports['default'];","});","",""],"l":{"1":1,"2":1,"3":0,"4":1,"5":1,"7":0,"10":0,"11":0,"16":1,"20":1,"22":1,"23":1,"28":1,"29":0,"30":0,"37":0,"40":0,"43":1,"44":0,"45":0,"49":1,"50":1,"51":1,"52":25,"53":25,"54":25,"55":25,"56":25,"60":1,"61":1,"62":1,"63":1,"67":1,"68":0,"69":0,"72":0,"75":1,"76":1,"77":0,"80":1,"88":1,"91":1,"92":0,"93":0,"95":0,"96":0,"97":0,"102":0,"105":1,"106":0,"108":0,"109":0,"110":0,"111":0,"114":0,"117":1,"118":0,"120":0,"121":0,"122":0,"126":0,"130":1,"131":1,"132":1,"135":1,"136":1,"139":1,"142":1,"143":0,"151":0,"156":0,"161":1,"162":0,"165":0,"169":0,"172":1,"173":0,"181":1,"182":0,"183":0,"187":1,"192":1,"193":1,"195":1,"196":0,"198":0,"200":0,"201":0,"202":0,"203":0,"206":1,"209":0,"212":0,"213":0,"216":0,"221":0,"224":0,"225":0,"228":0,"233":0,"234":0,"235":0,"236":0,"242":0,"243":0,"245":0,"251":0,"252":0,"255":0,"260":0,"262":0,"271":0,"272":0,"273":0,"274":0,"275":0,"280":0,"281":0,"283":0,"284":0,"286":0,"287":0,"288":0,"289":0,"291":0,"295":0,"296":0,"297":0,"300":0,"301":0,"304":0,"305":0,"306":0,"307":0,"308":0,"310":0,"311":0,"312":0,"315":0,"316":0,"321":0,"322":0,"325":0,"326":0,"329":0,"334":0,"335":0,"338":0,"343":0,"344":0,"347":0,"352":0,"354":0,"355":0,"356":0,"359":0,"364":0,"369":0,"374":0,"376":0,"381":0,"382":0,"385":0,"387":0,"388":0,"389":0,"392":0,"397":0,"398":0,"401":0,"406":0,"407":0,"408":0,"409":0,"410":0,"412":0,"413":0,"414":0,"415":0,"419":0,"420":0,"421":0,"427":0,"428":0,"434":0,"435":0,"437":0,"439":0,"440":0,"443":0,"444":0,"446":0,"452":0,"455":0,"456":0,"459":0,"464":0,"467":0,"469":0,"470":0,"473":0,"474":0,"477":0,"478":0,"479":0,"485":0,"490":0,"496":0,"498":0,"499":0,"502":0,"507":0,"512":0,"517":0,"522":0,"523":0,"526":0,"533":0,"534":0,"537":0,"538":0,"541":0,"548":0,"550":0,"574":0,"577":0,"578":0,"581":0,"582":0,"591":0,"602":0,"610":1,"613":1,"633":1,"634":1}},"/home/travis/build/npmtest/node-npmtest-react-tagsinput/node_modules/react-tagsinput/postcss.config.js":{"path":"/home/travis/build/npmtest/node-npmtest-react-tagsinput/node_modules/react-tagsinput/postcss.config.js","s":{"1":1},"b":{},"f":{},"fnMap":{},"statementMap":{"1":{"start":{"line":1,"column":0},"end":{"line":4,"column":1}}},"branchMap":{},"code":["module.exports = {","    plugins: [","    ]","}",""],"l":{"1":1}}}